2022-10-14 12:35:57,192 DEBUG    root            Metrics collector initialized...
2022-10-14 12:35:57,195 DEBUG    root            Loaded Command Group: ['gcloud', 'components']
2022-10-14 12:35:57,210 DEBUG    root            Loaded Command Group: ['gcloud', 'components', 'list']
2022-10-14 12:35:57,213 DEBUG    root            Running [gcloud.components.list] with arguments: [--quiet: "True"]
2022-10-14 12:35:57,264 DEBUG    urllib3.connectionpool Starting new HTTPS connection (1): dl.google.com:443
2022-10-14 12:35:57,399 DEBUG    urllib3.connectionpool https://dl.google.com:443 "GET /dl/cloudsdk/channels/rapid/components-2.json HTTP/1.1" 200 203444
2022-10-14 12:35:57,499 INFO     ___FILE_ONLY___ 
Your current Google Cloud CLI version is: 405.0.0

2022-10-14 12:35:57,499 INFO     ___FILE_ONLY___ The latest available version is: 405.0.0

2022-10-14 12:35:57,499 INFO     ___FILE_ONLY___ 

2022-10-14 12:35:57,500 INFO     root            Display format: "table[box,title="Components"](state.name:label=Status,name:label=Name,id:label=ID,size.size(zero="",min=1048576):label=Size:align=right)"
2022-10-14 12:35:57,516 INFO     ___FILE_ONLY___ ┌────────────────────────────────────────────────────────────────────────────────────────────────────────────┐
2022-10-14 12:35:57,517 INFO     ___FILE_ONLY___ 

2022-10-14 12:35:57,517 INFO     ___FILE_ONLY___ │                                                 Components                                                 │
2022-10-14 12:35:57,517 INFO     ___FILE_ONLY___ 

2022-10-14 12:35:57,517 INFO     ___FILE_ONLY___ ├───────────────┬──────────────────────────────────────────────────────┬──────────────────────────┬──────────┤
2022-10-14 12:35:57,517 INFO     ___FILE_ONLY___ 

2022-10-14 12:35:57,517 INFO     ___FILE_ONLY___ │     Status    │                         Name                         │            ID            │   Size   │
2022-10-14 12:35:57,517 INFO     ___FILE_ONLY___ 

2022-10-14 12:35:57,517 INFO     ___FILE_ONLY___ ├───────────────┼──────────────────────────────────────────────────────┼──────────────────────────┼──────────┤
2022-10-14 12:35:57,517 INFO     ___FILE_ONLY___ 

2022-10-14 12:35:57,517 INFO     ___FILE_ONLY___ │ 
2022-10-14 12:35:57,518 INFO     ___FILE_ONLY___ Not Installed
2022-10-14 12:35:57,518 INFO     ___FILE_ONLY___  
2022-10-14 12:35:57,518 INFO     ___FILE_ONLY___ │ 
2022-10-14 12:35:57,518 INFO     ___FILE_ONLY___ App Engine Go Extensions                            
2022-10-14 12:35:57,518 INFO     ___FILE_ONLY___  
2022-10-14 12:35:57,518 INFO     ___FILE_ONLY___ │ 
2022-10-14 12:35:57,518 INFO     ___FILE_ONLY___ app-engine-go           
2022-10-14 12:35:57,518 INFO     ___FILE_ONLY___  
2022-10-14 12:35:57,518 INFO     ___FILE_ONLY___ │ 
2022-10-14 12:35:57,518 INFO     ___FILE_ONLY___  4.1 MiB
2022-10-14 12:35:57,519 INFO     ___FILE_ONLY___  
2022-10-14 12:35:57,519 INFO     ___FILE_ONLY___ │
2022-10-14 12:35:57,519 INFO     ___FILE_ONLY___ 

2022-10-14 12:35:57,519 INFO     ___FILE_ONLY___ │ 
2022-10-14 12:35:57,519 INFO     ___FILE_ONLY___ Not Installed
2022-10-14 12:35:57,519 INFO     ___FILE_ONLY___  
2022-10-14 12:35:57,519 INFO     ___FILE_ONLY___ │ 
2022-10-14 12:35:57,519 INFO     ___FILE_ONLY___ Appctl                                              
2022-10-14 12:35:57,519 INFO     ___FILE_ONLY___  
2022-10-14 12:35:57,519 INFO     ___FILE_ONLY___ │ 
2022-10-14 12:35:57,519 INFO     ___FILE_ONLY___ appctl                  
2022-10-14 12:35:57,520 INFO     ___FILE_ONLY___  
2022-10-14 12:35:57,520 INFO     ___FILE_ONLY___ │ 
2022-10-14 12:35:57,520 INFO     ___FILE_ONLY___ 18.5 MiB
2022-10-14 12:35:57,520 INFO     ___FILE_ONLY___  
2022-10-14 12:35:57,520 INFO     ___FILE_ONLY___ │
2022-10-14 12:35:57,520 INFO     ___FILE_ONLY___ 

2022-10-14 12:35:57,520 INFO     ___FILE_ONLY___ │ 
2022-10-14 12:35:57,520 INFO     ___FILE_ONLY___ Not Installed
2022-10-14 12:35:57,520 INFO     ___FILE_ONLY___  
2022-10-14 12:35:57,520 INFO     ___FILE_ONLY___ │ 
2022-10-14 12:35:57,521 INFO     ___FILE_ONLY___ Artifact Registry Go Module Package Helper          
2022-10-14 12:35:57,521 INFO     ___FILE_ONLY___  
2022-10-14 12:35:57,521 INFO     ___FILE_ONLY___ │ 
2022-10-14 12:35:57,521 INFO     ___FILE_ONLY___ package-go-module       
2022-10-14 12:35:57,521 INFO     ___FILE_ONLY___  
2022-10-14 12:35:57,521 INFO     ___FILE_ONLY___ │ 
2022-10-14 12:35:57,521 INFO     ___FILE_ONLY___  < 1 MiB
2022-10-14 12:35:57,521 INFO     ___FILE_ONLY___  
2022-10-14 12:35:57,521 INFO     ___FILE_ONLY___ │
2022-10-14 12:35:57,521 INFO     ___FILE_ONLY___ 

2022-10-14 12:35:57,521 INFO     ___FILE_ONLY___ │ 
2022-10-14 12:35:57,521 INFO     ___FILE_ONLY___ Not Installed
2022-10-14 12:35:57,522 INFO     ___FILE_ONLY___  
2022-10-14 12:35:57,522 INFO     ___FILE_ONLY___ │ 
2022-10-14 12:35:57,522 INFO     ___FILE_ONLY___ Cloud Bigtable Command Line Tool                    
2022-10-14 12:35:57,522 INFO     ___FILE_ONLY___  
2022-10-14 12:35:57,522 INFO     ___FILE_ONLY___ │ 
2022-10-14 12:35:57,522 INFO     ___FILE_ONLY___ cbt                     
2022-10-14 12:35:57,522 INFO     ___FILE_ONLY___  
2022-10-14 12:35:57,522 INFO     ___FILE_ONLY___ │ 
2022-10-14 12:35:57,522 INFO     ___FILE_ONLY___  9.5 MiB
2022-10-14 12:35:57,522 INFO     ___FILE_ONLY___  
2022-10-14 12:35:57,522 INFO     ___FILE_ONLY___ │
2022-10-14 12:35:57,523 INFO     ___FILE_ONLY___ 

2022-10-14 12:35:57,523 INFO     ___FILE_ONLY___ │ 
2022-10-14 12:35:57,523 INFO     ___FILE_ONLY___ Not Installed
2022-10-14 12:35:57,523 INFO     ___FILE_ONLY___  
2022-10-14 12:35:57,523 INFO     ___FILE_ONLY___ │ 
2022-10-14 12:35:57,523 INFO     ___FILE_ONLY___ Cloud Bigtable Emulator                             
2022-10-14 12:35:57,523 INFO     ___FILE_ONLY___  
2022-10-14 12:35:57,523 INFO     ___FILE_ONLY___ │ 
2022-10-14 12:35:57,523 INFO     ___FILE_ONLY___ bigtable                
2022-10-14 12:35:57,523 INFO     ___FILE_ONLY___  
2022-10-14 12:35:57,523 INFO     ___FILE_ONLY___ │ 
2022-10-14 12:35:57,524 INFO     ___FILE_ONLY___  5.9 MiB
2022-10-14 12:35:57,524 INFO     ___FILE_ONLY___  
2022-10-14 12:35:57,524 INFO     ___FILE_ONLY___ │
2022-10-14 12:35:57,524 INFO     ___FILE_ONLY___ 

2022-10-14 12:35:57,524 INFO     ___FILE_ONLY___ │ 
2022-10-14 12:35:57,524 INFO     ___FILE_ONLY___ Not Installed
2022-10-14 12:35:57,524 INFO     ___FILE_ONLY___  
2022-10-14 12:35:57,524 INFO     ___FILE_ONLY___ │ 
2022-10-14 12:35:57,524 INFO     ___FILE_ONLY___ Cloud Datalab Command Line Tool                     
2022-10-14 12:35:57,525 INFO     ___FILE_ONLY___  
2022-10-14 12:35:57,525 INFO     ___FILE_ONLY___ │ 
2022-10-14 12:35:57,525 INFO     ___FILE_ONLY___ datalab                 
2022-10-14 12:35:57,525 INFO     ___FILE_ONLY___  
2022-10-14 12:35:57,525 INFO     ___FILE_ONLY___ │ 
2022-10-14 12:35:57,525 INFO     ___FILE_ONLY___  < 1 MiB
2022-10-14 12:35:57,525 INFO     ___FILE_ONLY___  
2022-10-14 12:35:57,525 INFO     ___FILE_ONLY___ │
2022-10-14 12:35:57,525 INFO     ___FILE_ONLY___ 

2022-10-14 12:35:57,525 INFO     ___FILE_ONLY___ │ 
2022-10-14 12:35:57,526 INFO     ___FILE_ONLY___ Not Installed
2022-10-14 12:35:57,526 INFO     ___FILE_ONLY___  
2022-10-14 12:35:57,526 INFO     ___FILE_ONLY___ │ 
2022-10-14 12:35:57,526 INFO     ___FILE_ONLY___ Cloud Datastore Emulator                            
2022-10-14 12:35:57,526 INFO     ___FILE_ONLY___  
2022-10-14 12:35:57,526 INFO     ___FILE_ONLY___ │ 
2022-10-14 12:35:57,526 INFO     ___FILE_ONLY___ cloud-datastore-emulator
2022-10-14 12:35:57,526 INFO     ___FILE_ONLY___  
2022-10-14 12:35:57,526 INFO     ___FILE_ONLY___ │ 
2022-10-14 12:35:57,526 INFO     ___FILE_ONLY___ 35.1 MiB
2022-10-14 12:35:57,526 INFO     ___FILE_ONLY___  
2022-10-14 12:35:57,526 INFO     ___FILE_ONLY___ │
2022-10-14 12:35:57,527 INFO     ___FILE_ONLY___ 

2022-10-14 12:35:57,527 INFO     ___FILE_ONLY___ │ 
2022-10-14 12:35:57,527 INFO     ___FILE_ONLY___ Not Installed
2022-10-14 12:35:57,527 INFO     ___FILE_ONLY___  
2022-10-14 12:35:57,527 INFO     ___FILE_ONLY___ │ 
2022-10-14 12:35:57,527 INFO     ___FILE_ONLY___ Cloud Firestore Emulator                            
2022-10-14 12:35:57,527 INFO     ___FILE_ONLY___  
2022-10-14 12:35:57,527 INFO     ___FILE_ONLY___ │ 
2022-10-14 12:35:57,527 INFO     ___FILE_ONLY___ cloud-firestore-emulator
2022-10-14 12:35:57,527 INFO     ___FILE_ONLY___  
2022-10-14 12:35:57,527 INFO     ___FILE_ONLY___ │ 
2022-10-14 12:35:57,528 INFO     ___FILE_ONLY___ 40.2 MiB
2022-10-14 12:35:57,528 INFO     ___FILE_ONLY___  
2022-10-14 12:35:57,528 INFO     ___FILE_ONLY___ │
2022-10-14 12:35:57,528 INFO     ___FILE_ONLY___ 

2022-10-14 12:35:57,528 INFO     ___FILE_ONLY___ │ 
2022-10-14 12:35:57,528 INFO     ___FILE_ONLY___ Not Installed
2022-10-14 12:35:57,528 INFO     ___FILE_ONLY___  
2022-10-14 12:35:57,528 INFO     ___FILE_ONLY___ │ 
2022-10-14 12:35:57,528 INFO     ___FILE_ONLY___ Cloud Pub/Sub Emulator                              
2022-10-14 12:35:57,528 INFO     ___FILE_ONLY___  
2022-10-14 12:35:57,528 INFO     ___FILE_ONLY___ │ 
2022-10-14 12:35:57,528 INFO     ___FILE_ONLY___ pubsub-emulator         
2022-10-14 12:35:57,529 INFO     ___FILE_ONLY___  
2022-10-14 12:35:57,529 INFO     ___FILE_ONLY___ │ 
2022-10-14 12:35:57,529 INFO     ___FILE_ONLY___ 60.7 MiB
2022-10-14 12:35:57,529 INFO     ___FILE_ONLY___  
2022-10-14 12:35:57,529 INFO     ___FILE_ONLY___ │
2022-10-14 12:35:57,529 INFO     ___FILE_ONLY___ 

2022-10-14 12:35:57,529 INFO     ___FILE_ONLY___ │ 
2022-10-14 12:35:57,529 INFO     ___FILE_ONLY___ Not Installed
2022-10-14 12:35:57,529 INFO     ___FILE_ONLY___  
2022-10-14 12:35:57,529 INFO     ___FILE_ONLY___ │ 
2022-10-14 12:35:57,529 INFO     ___FILE_ONLY___ Cloud Run Proxy                                     
2022-10-14 12:35:57,530 INFO     ___FILE_ONLY___  
2022-10-14 12:35:57,530 INFO     ___FILE_ONLY___ │ 
2022-10-14 12:35:57,530 INFO     ___FILE_ONLY___ cloud-run-proxy         
2022-10-14 12:35:57,530 INFO     ___FILE_ONLY___  
2022-10-14 12:35:57,530 INFO     ___FILE_ONLY___ │ 
2022-10-14 12:35:57,530 INFO     ___FILE_ONLY___  7.7 MiB
2022-10-14 12:35:57,530 INFO     ___FILE_ONLY___  
2022-10-14 12:35:57,530 INFO     ___FILE_ONLY___ │
2022-10-14 12:35:57,530 INFO     ___FILE_ONLY___ 

2022-10-14 12:35:57,530 INFO     ___FILE_ONLY___ │ 
2022-10-14 12:35:57,530 INFO     ___FILE_ONLY___ Not Installed
2022-10-14 12:35:57,531 INFO     ___FILE_ONLY___  
2022-10-14 12:35:57,531 INFO     ___FILE_ONLY___ │ 
2022-10-14 12:35:57,531 INFO     ___FILE_ONLY___ Cloud SQL Proxy                                     
2022-10-14 12:35:57,531 INFO     ___FILE_ONLY___  
2022-10-14 12:35:57,531 INFO     ___FILE_ONLY___ │ 
2022-10-14 12:35:57,531 INFO     ___FILE_ONLY___ cloud_sql_proxy         
2022-10-14 12:35:57,531 INFO     ___FILE_ONLY___  
2022-10-14 12:35:57,531 INFO     ___FILE_ONLY___ │ 
2022-10-14 12:35:57,531 INFO     ___FILE_ONLY___  7.6 MiB
2022-10-14 12:35:57,531 INFO     ___FILE_ONLY___  
2022-10-14 12:35:57,531 INFO     ___FILE_ONLY___ │
2022-10-14 12:35:57,531 INFO     ___FILE_ONLY___ 

2022-10-14 12:35:57,532 INFO     ___FILE_ONLY___ │ 
2022-10-14 12:35:57,532 INFO     ___FILE_ONLY___ Not Installed
2022-10-14 12:35:57,532 INFO     ___FILE_ONLY___  
2022-10-14 12:35:57,532 INFO     ___FILE_ONLY___ │ 
2022-10-14 12:35:57,532 INFO     ___FILE_ONLY___ Google Container Registry's Docker credential helper
2022-10-14 12:35:57,532 INFO     ___FILE_ONLY___  
2022-10-14 12:35:57,532 INFO     ___FILE_ONLY___ │ 
2022-10-14 12:35:57,532 INFO     ___FILE_ONLY___ docker-credential-gcr   
2022-10-14 12:35:57,532 INFO     ___FILE_ONLY___  
2022-10-14 12:35:57,532 INFO     ___FILE_ONLY___ │ 
2022-10-14 12:35:57,532 INFO     ___FILE_ONLY___  2.2 MiB
2022-10-14 12:35:57,533 INFO     ___FILE_ONLY___  
2022-10-14 12:35:57,533 INFO     ___FILE_ONLY___ │
2022-10-14 12:35:57,533 INFO     ___FILE_ONLY___ 

2022-10-14 12:35:57,533 INFO     ___FILE_ONLY___ │ 
2022-10-14 12:35:57,533 INFO     ___FILE_ONLY___ Not Installed
2022-10-14 12:35:57,533 INFO     ___FILE_ONLY___  
2022-10-14 12:35:57,533 INFO     ___FILE_ONLY___ │ 
2022-10-14 12:35:57,533 INFO     ___FILE_ONLY___ Kustomize                                           
2022-10-14 12:35:57,533 INFO     ___FILE_ONLY___  
2022-10-14 12:35:57,533 INFO     ___FILE_ONLY___ │ 
2022-10-14 12:35:57,533 INFO     ___FILE_ONLY___ kustomize               
2022-10-14 12:35:57,533 INFO     ___FILE_ONLY___  
2022-10-14 12:35:57,534 INFO     ___FILE_ONLY___ │ 
2022-10-14 12:35:57,534 INFO     ___FILE_ONLY___  7.6 MiB
2022-10-14 12:35:57,534 INFO     ___FILE_ONLY___  
2022-10-14 12:35:57,534 INFO     ___FILE_ONLY___ │
2022-10-14 12:35:57,534 INFO     ___FILE_ONLY___ 

2022-10-14 12:35:57,534 INFO     ___FILE_ONLY___ │ 
2022-10-14 12:35:57,534 INFO     ___FILE_ONLY___ Not Installed
2022-10-14 12:35:57,534 INFO     ___FILE_ONLY___  
2022-10-14 12:35:57,534 INFO     ___FILE_ONLY___ │ 
2022-10-14 12:35:57,534 INFO     ___FILE_ONLY___ Log Streaming                                       
2022-10-14 12:35:57,534 INFO     ___FILE_ONLY___  
2022-10-14 12:35:57,534 INFO     ___FILE_ONLY___ │ 
2022-10-14 12:35:57,535 INFO     ___FILE_ONLY___ log-streaming           
2022-10-14 12:35:57,535 INFO     ___FILE_ONLY___  
2022-10-14 12:35:57,535 INFO     ___FILE_ONLY___ │ 
2022-10-14 12:35:57,535 INFO     ___FILE_ONLY___ 12.1 MiB
2022-10-14 12:35:57,535 INFO     ___FILE_ONLY___  
2022-10-14 12:35:57,535 INFO     ___FILE_ONLY___ │
2022-10-14 12:35:57,535 INFO     ___FILE_ONLY___ 

2022-10-14 12:35:57,535 INFO     ___FILE_ONLY___ │ 
2022-10-14 12:35:57,535 INFO     ___FILE_ONLY___ Not Installed
2022-10-14 12:35:57,535 INFO     ___FILE_ONLY___  
2022-10-14 12:35:57,535 INFO     ___FILE_ONLY___ │ 
2022-10-14 12:35:57,535 INFO     ___FILE_ONLY___ Minikube                                            
2022-10-14 12:35:57,536 INFO     ___FILE_ONLY___  
2022-10-14 12:35:57,536 INFO     ___FILE_ONLY___ │ 
2022-10-14 12:35:57,536 INFO     ___FILE_ONLY___ minikube                
2022-10-14 12:35:57,536 INFO     ___FILE_ONLY___  
2022-10-14 12:35:57,536 INFO     ___FILE_ONLY___ │ 
2022-10-14 12:35:57,536 INFO     ___FILE_ONLY___ 30.9 MiB
2022-10-14 12:35:57,536 INFO     ___FILE_ONLY___  
2022-10-14 12:35:57,536 INFO     ___FILE_ONLY___ │
2022-10-14 12:35:57,536 INFO     ___FILE_ONLY___ 

2022-10-14 12:35:57,536 INFO     ___FILE_ONLY___ │ 
2022-10-14 12:35:57,536 INFO     ___FILE_ONLY___ Not Installed
2022-10-14 12:35:57,536 INFO     ___FILE_ONLY___  
2022-10-14 12:35:57,537 INFO     ___FILE_ONLY___ │ 
2022-10-14 12:35:57,537 INFO     ___FILE_ONLY___ Nomos CLI                                           
2022-10-14 12:35:57,537 INFO     ___FILE_ONLY___  
2022-10-14 12:35:57,537 INFO     ___FILE_ONLY___ │ 
2022-10-14 12:35:57,537 INFO     ___FILE_ONLY___ nomos                   
2022-10-14 12:35:57,537 INFO     ___FILE_ONLY___  
2022-10-14 12:35:57,537 INFO     ___FILE_ONLY___ │ 
2022-10-14 12:35:57,537 INFO     ___FILE_ONLY___ 24.4 MiB
2022-10-14 12:35:57,537 INFO     ___FILE_ONLY___  
2022-10-14 12:35:57,537 INFO     ___FILE_ONLY___ │
2022-10-14 12:35:57,537 INFO     ___FILE_ONLY___ 

2022-10-14 12:35:57,537 INFO     ___FILE_ONLY___ │ 
2022-10-14 12:35:57,538 INFO     ___FILE_ONLY___ Not Installed
2022-10-14 12:35:57,538 INFO     ___FILE_ONLY___  
2022-10-14 12:35:57,538 INFO     ___FILE_ONLY___ │ 
2022-10-14 12:35:57,538 INFO     ___FILE_ONLY___ On-Demand Scanning API extraction helper            
2022-10-14 12:35:57,538 INFO     ___FILE_ONLY___  
2022-10-14 12:35:57,538 INFO     ___FILE_ONLY___ │ 
2022-10-14 12:35:57,538 INFO     ___FILE_ONLY___ local-extract           
2022-10-14 12:35:57,538 INFO     ___FILE_ONLY___  
2022-10-14 12:35:57,538 INFO     ___FILE_ONLY___ │ 
2022-10-14 12:35:57,538 INFO     ___FILE_ONLY___ 11.5 MiB
2022-10-14 12:35:57,539 INFO     ___FILE_ONLY___  
2022-10-14 12:35:57,539 INFO     ___FILE_ONLY___ │
2022-10-14 12:35:57,539 INFO     ___FILE_ONLY___ 

2022-10-14 12:35:57,539 INFO     ___FILE_ONLY___ │ 
2022-10-14 12:35:57,539 INFO     ___FILE_ONLY___ Not Installed
2022-10-14 12:35:57,539 INFO     ___FILE_ONLY___  
2022-10-14 12:35:57,539 INFO     ___FILE_ONLY___ │ 
2022-10-14 12:35:57,539 INFO     ___FILE_ONLY___ Skaffold                                            
2022-10-14 12:35:57,539 INFO     ___FILE_ONLY___  
2022-10-14 12:35:57,539 INFO     ___FILE_ONLY___ │ 
2022-10-14 12:35:57,539 INFO     ___FILE_ONLY___ skaffold                
2022-10-14 12:35:57,540 INFO     ___FILE_ONLY___  
2022-10-14 12:35:57,540 INFO     ___FILE_ONLY___ │ 
2022-10-14 12:35:57,540 INFO     ___FILE_ONLY___ 20.9 MiB
2022-10-14 12:35:57,540 INFO     ___FILE_ONLY___  
2022-10-14 12:35:57,540 INFO     ___FILE_ONLY___ │
2022-10-14 12:35:57,540 INFO     ___FILE_ONLY___ 

2022-10-14 12:35:57,540 INFO     ___FILE_ONLY___ │ 
2022-10-14 12:35:57,540 INFO     ___FILE_ONLY___ Not Installed
2022-10-14 12:35:57,540 INFO     ___FILE_ONLY___  
2022-10-14 12:35:57,540 INFO     ___FILE_ONLY___ │ 
2022-10-14 12:35:57,540 INFO     ___FILE_ONLY___ Terraform Tools                                     
2022-10-14 12:35:57,540 INFO     ___FILE_ONLY___  
2022-10-14 12:35:57,541 INFO     ___FILE_ONLY___ │ 
2022-10-14 12:35:57,541 INFO     ___FILE_ONLY___ terraform-tools         
2022-10-14 12:35:57,541 INFO     ___FILE_ONLY___  
2022-10-14 12:35:57,541 INFO     ___FILE_ONLY___ │ 
2022-10-14 12:35:57,541 INFO     ___FILE_ONLY___ 53.7 MiB
2022-10-14 12:35:57,541 INFO     ___FILE_ONLY___  
2022-10-14 12:35:57,541 INFO     ___FILE_ONLY___ │
2022-10-14 12:35:57,541 INFO     ___FILE_ONLY___ 

2022-10-14 12:35:57,541 INFO     ___FILE_ONLY___ │ 
2022-10-14 12:35:57,542 INFO     ___FILE_ONLY___ Not Installed
2022-10-14 12:35:57,542 INFO     ___FILE_ONLY___  
2022-10-14 12:35:57,542 INFO     ___FILE_ONLY___ │ 
2022-10-14 12:35:57,542 INFO     ___FILE_ONLY___ anthos-auth                                         
2022-10-14 12:35:57,542 INFO     ___FILE_ONLY___  
2022-10-14 12:35:57,542 INFO     ___FILE_ONLY___ │ 
2022-10-14 12:35:57,542 INFO     ___FILE_ONLY___ anthos-auth             
2022-10-14 12:35:57,542 INFO     ___FILE_ONLY___  
2022-10-14 12:35:57,542 INFO     ___FILE_ONLY___ │ 
2022-10-14 12:35:57,542 INFO     ___FILE_ONLY___ 20.2 MiB
2022-10-14 12:35:57,542 INFO     ___FILE_ONLY___  
2022-10-14 12:35:57,542 INFO     ___FILE_ONLY___ │
2022-10-14 12:35:57,543 INFO     ___FILE_ONLY___ 

2022-10-14 12:35:57,543 INFO     ___FILE_ONLY___ │ 
2022-10-14 12:35:57,543 INFO     ___FILE_ONLY___ Not Installed
2022-10-14 12:35:57,543 INFO     ___FILE_ONLY___  
2022-10-14 12:35:57,543 INFO     ___FILE_ONLY___ │ 
2022-10-14 12:35:57,543 INFO     ___FILE_ONLY___ config-connector                                    
2022-10-14 12:35:57,543 INFO     ___FILE_ONLY___  
2022-10-14 12:35:57,543 INFO     ___FILE_ONLY___ │ 
2022-10-14 12:35:57,543 INFO     ___FILE_ONLY___ config-connector        
2022-10-14 12:35:57,543 INFO     ___FILE_ONLY___  
2022-10-14 12:35:57,543 INFO     ___FILE_ONLY___ │ 
2022-10-14 12:35:57,543 INFO     ___FILE_ONLY___ 57.1 MiB
2022-10-14 12:35:57,544 INFO     ___FILE_ONLY___  
2022-10-14 12:35:57,544 INFO     ___FILE_ONLY___ │
2022-10-14 12:35:57,544 INFO     ___FILE_ONLY___ 

2022-10-14 12:35:57,544 INFO     ___FILE_ONLY___ │ 
2022-10-14 12:35:57,544 INFO     ___FILE_ONLY___ Not Installed
2022-10-14 12:35:57,544 INFO     ___FILE_ONLY___  
2022-10-14 12:35:57,544 INFO     ___FILE_ONLY___ │ 
2022-10-14 12:35:57,544 INFO     ___FILE_ONLY___ gcloud Alpha Commands                               
2022-10-14 12:35:57,544 INFO     ___FILE_ONLY___  
2022-10-14 12:35:57,544 INFO     ___FILE_ONLY___ │ 
2022-10-14 12:35:57,544 INFO     ___FILE_ONLY___ alpha                   
2022-10-14 12:35:57,545 INFO     ___FILE_ONLY___  
2022-10-14 12:35:57,545 INFO     ___FILE_ONLY___ │ 
2022-10-14 12:35:57,545 INFO     ___FILE_ONLY___  < 1 MiB
2022-10-14 12:35:57,545 INFO     ___FILE_ONLY___  
2022-10-14 12:35:57,545 INFO     ___FILE_ONLY___ │
2022-10-14 12:35:57,545 INFO     ___FILE_ONLY___ 

2022-10-14 12:35:57,545 INFO     ___FILE_ONLY___ │ 
2022-10-14 12:35:57,545 INFO     ___FILE_ONLY___ Not Installed
2022-10-14 12:35:57,545 INFO     ___FILE_ONLY___  
2022-10-14 12:35:57,545 INFO     ___FILE_ONLY___ │ 
2022-10-14 12:35:57,545 INFO     ___FILE_ONLY___ gcloud Beta Commands                                
2022-10-14 12:35:57,545 INFO     ___FILE_ONLY___  
2022-10-14 12:35:57,546 INFO     ___FILE_ONLY___ │ 
2022-10-14 12:35:57,546 INFO     ___FILE_ONLY___ beta                    
2022-10-14 12:35:57,546 INFO     ___FILE_ONLY___  
2022-10-14 12:35:57,546 INFO     ___FILE_ONLY___ │ 
2022-10-14 12:35:57,546 INFO     ___FILE_ONLY___  < 1 MiB
2022-10-14 12:35:57,546 INFO     ___FILE_ONLY___  
2022-10-14 12:35:57,546 INFO     ___FILE_ONLY___ │
2022-10-14 12:35:57,546 INFO     ___FILE_ONLY___ 

2022-10-14 12:35:57,546 INFO     ___FILE_ONLY___ │ 
2022-10-14 12:35:57,546 INFO     ___FILE_ONLY___ Not Installed
2022-10-14 12:35:57,546 INFO     ___FILE_ONLY___  
2022-10-14 12:35:57,547 INFO     ___FILE_ONLY___ │ 
2022-10-14 12:35:57,547 INFO     ___FILE_ONLY___ gcloud app Java Extensions                          
2022-10-14 12:35:57,547 INFO     ___FILE_ONLY___  
2022-10-14 12:35:57,547 INFO     ___FILE_ONLY___ │ 
2022-10-14 12:35:57,547 INFO     ___FILE_ONLY___ app-engine-java         
2022-10-14 12:35:57,547 INFO     ___FILE_ONLY___  
2022-10-14 12:35:57,547 INFO     ___FILE_ONLY___ │ 
2022-10-14 12:35:57,547 INFO     ___FILE_ONLY___ 64.5 MiB
2022-10-14 12:35:57,547 INFO     ___FILE_ONLY___  
2022-10-14 12:35:57,547 INFO     ___FILE_ONLY___ │
2022-10-14 12:35:57,547 INFO     ___FILE_ONLY___ 

2022-10-14 12:35:57,547 INFO     ___FILE_ONLY___ │ 
2022-10-14 12:35:57,548 INFO     ___FILE_ONLY___ Not Installed
2022-10-14 12:35:57,548 INFO     ___FILE_ONLY___  
2022-10-14 12:35:57,548 INFO     ___FILE_ONLY___ │ 
2022-10-14 12:35:57,548 INFO     ___FILE_ONLY___ gcloud app PHP Extensions                           
2022-10-14 12:35:57,548 INFO     ___FILE_ONLY___  
2022-10-14 12:35:57,548 INFO     ___FILE_ONLY___ │ 
2022-10-14 12:35:57,548 INFO     ___FILE_ONLY___ app-engine-php          
2022-10-14 12:35:57,548 INFO     ___FILE_ONLY___  
2022-10-14 12:35:57,548 INFO     ___FILE_ONLY___ │ 
2022-10-14 12:35:57,548 INFO     ___FILE_ONLY___ 21.9 MiB
2022-10-14 12:35:57,548 INFO     ___FILE_ONLY___  
2022-10-14 12:35:57,548 INFO     ___FILE_ONLY___ │
2022-10-14 12:35:57,549 INFO     ___FILE_ONLY___ 

2022-10-14 12:35:57,549 INFO     ___FILE_ONLY___ │ 
2022-10-14 12:35:57,549 INFO     ___FILE_ONLY___ Not Installed
2022-10-14 12:35:57,549 INFO     ___FILE_ONLY___  
2022-10-14 12:35:57,549 INFO     ___FILE_ONLY___ │ 
2022-10-14 12:35:57,549 INFO     ___FILE_ONLY___ gcloud app Python Extensions                        
2022-10-14 12:35:57,549 INFO     ___FILE_ONLY___  
2022-10-14 12:35:57,549 INFO     ___FILE_ONLY___ │ 
2022-10-14 12:35:57,549 INFO     ___FILE_ONLY___ app-engine-python       
2022-10-14 12:35:57,549 INFO     ___FILE_ONLY___  
2022-10-14 12:35:57,549 INFO     ___FILE_ONLY___ │ 
2022-10-14 12:35:57,550 INFO     ___FILE_ONLY___  8.6 MiB
2022-10-14 12:35:57,550 INFO     ___FILE_ONLY___  
2022-10-14 12:35:57,550 INFO     ___FILE_ONLY___ │
2022-10-14 12:35:57,550 INFO     ___FILE_ONLY___ 

2022-10-14 12:35:57,550 INFO     ___FILE_ONLY___ │ 
2022-10-14 12:35:57,550 INFO     ___FILE_ONLY___ Not Installed
2022-10-14 12:35:57,550 INFO     ___FILE_ONLY___  
2022-10-14 12:35:57,550 INFO     ___FILE_ONLY___ │ 
2022-10-14 12:35:57,550 INFO     ___FILE_ONLY___ gcloud app Python Extensions (Extra Libraries)      
2022-10-14 12:35:57,550 INFO     ___FILE_ONLY___  
2022-10-14 12:35:57,550 INFO     ___FILE_ONLY___ │ 
2022-10-14 12:35:57,550 INFO     ___FILE_ONLY___ app-engine-python-extras
2022-10-14 12:35:57,551 INFO     ___FILE_ONLY___  
2022-10-14 12:35:57,551 INFO     ___FILE_ONLY___ │ 
2022-10-14 12:35:57,551 INFO     ___FILE_ONLY___ 26.4 MiB
2022-10-14 12:35:57,551 INFO     ___FILE_ONLY___  
2022-10-14 12:35:57,551 INFO     ___FILE_ONLY___ │
2022-10-14 12:35:57,551 INFO     ___FILE_ONLY___ 

2022-10-14 12:35:57,551 INFO     ___FILE_ONLY___ │ 
2022-10-14 12:35:57,551 INFO     ___FILE_ONLY___ Not Installed
2022-10-14 12:35:57,551 INFO     ___FILE_ONLY___  
2022-10-14 12:35:57,551 INFO     ___FILE_ONLY___ │ 
2022-10-14 12:35:57,551 INFO     ___FILE_ONLY___ gke-gcloud-auth-plugin                              
2022-10-14 12:35:57,551 INFO     ___FILE_ONLY___  
2022-10-14 12:35:57,552 INFO     ___FILE_ONLY___ │ 
2022-10-14 12:35:57,552 INFO     ___FILE_ONLY___ gke-gcloud-auth-plugin  
2022-10-14 12:35:57,552 INFO     ___FILE_ONLY___  
2022-10-14 12:35:57,552 INFO     ___FILE_ONLY___ │ 
2022-10-14 12:35:57,552 INFO     ___FILE_ONLY___  3.8 MiB
2022-10-14 12:35:57,552 INFO     ___FILE_ONLY___  
2022-10-14 12:35:57,552 INFO     ___FILE_ONLY___ │
2022-10-14 12:35:57,552 INFO     ___FILE_ONLY___ 

2022-10-14 12:35:57,552 INFO     ___FILE_ONLY___ │ 
2022-10-14 12:35:57,552 INFO     ___FILE_ONLY___ Not Installed
2022-10-14 12:35:57,552 INFO     ___FILE_ONLY___  
2022-10-14 12:35:57,553 INFO     ___FILE_ONLY___ │ 
2022-10-14 12:35:57,553 INFO     ___FILE_ONLY___ kpt                                                 
2022-10-14 12:35:57,553 INFO     ___FILE_ONLY___  
2022-10-14 12:35:57,553 INFO     ___FILE_ONLY___ │ 
2022-10-14 12:35:57,553 INFO     ___FILE_ONLY___ kpt                     
2022-10-14 12:35:57,553 INFO     ___FILE_ONLY___  
2022-10-14 12:35:57,553 INFO     ___FILE_ONLY___ │ 
2022-10-14 12:35:57,553 INFO     ___FILE_ONLY___ 12.8 MiB
2022-10-14 12:35:57,553 INFO     ___FILE_ONLY___  
2022-10-14 12:35:57,553 INFO     ___FILE_ONLY___ │
2022-10-14 12:35:57,553 INFO     ___FILE_ONLY___ 

2022-10-14 12:35:57,553 INFO     ___FILE_ONLY___ │ 
2022-10-14 12:35:57,554 INFO     ___FILE_ONLY___ Not Installed
2022-10-14 12:35:57,554 INFO     ___FILE_ONLY___  
2022-10-14 12:35:57,554 INFO     ___FILE_ONLY___ │ 
2022-10-14 12:35:57,554 INFO     ___FILE_ONLY___ kubectl                                             
2022-10-14 12:35:57,554 INFO     ___FILE_ONLY___  
2022-10-14 12:35:57,554 INFO     ___FILE_ONLY___ │ 
2022-10-14 12:35:57,554 INFO     ___FILE_ONLY___ kubectl                 
2022-10-14 12:35:57,554 INFO     ___FILE_ONLY___  
2022-10-14 12:35:57,554 INFO     ___FILE_ONLY___ │ 
2022-10-14 12:35:57,554 INFO     ___FILE_ONLY___  < 1 MiB
2022-10-14 12:35:57,554 INFO     ___FILE_ONLY___  
2022-10-14 12:35:57,554 INFO     ___FILE_ONLY___ │
2022-10-14 12:35:57,555 INFO     ___FILE_ONLY___ 

2022-10-14 12:35:57,555 INFO     ___FILE_ONLY___ │ 
2022-10-14 12:35:57,555 INFO     ___FILE_ONLY___ Not Installed
2022-10-14 12:35:57,555 INFO     ___FILE_ONLY___  
2022-10-14 12:35:57,555 INFO     ___FILE_ONLY___ │ 
2022-10-14 12:35:57,555 INFO     ___FILE_ONLY___ kubectl-oidc                                        
2022-10-14 12:35:57,555 INFO     ___FILE_ONLY___  
2022-10-14 12:35:57,555 INFO     ___FILE_ONLY___ │ 
2022-10-14 12:35:57,555 INFO     ___FILE_ONLY___ kubectl-oidc            
2022-10-14 12:35:57,555 INFO     ___FILE_ONLY___  
2022-10-14 12:35:57,555 INFO     ___FILE_ONLY___ │ 
2022-10-14 12:35:57,555 INFO     ___FILE_ONLY___ 20.2 MiB
2022-10-14 12:35:57,556 INFO     ___FILE_ONLY___  
2022-10-14 12:35:57,556 INFO     ___FILE_ONLY___ │
2022-10-14 12:35:57,556 INFO     ___FILE_ONLY___ 

2022-10-14 12:35:57,556 INFO     ___FILE_ONLY___ │ 
2022-10-14 12:35:57,556 INFO     ___FILE_ONLY___ Not Installed
2022-10-14 12:35:57,556 INFO     ___FILE_ONLY___  
2022-10-14 12:35:57,556 INFO     ___FILE_ONLY___ │ 
2022-10-14 12:35:57,556 INFO     ___FILE_ONLY___ pkg                                                 
2022-10-14 12:35:57,556 INFO     ___FILE_ONLY___  
2022-10-14 12:35:57,556 INFO     ___FILE_ONLY___ │ 
2022-10-14 12:35:57,556 INFO     ___FILE_ONLY___ pkg                     
2022-10-14 12:35:57,557 INFO     ___FILE_ONLY___  
2022-10-14 12:35:57,557 INFO     ___FILE_ONLY___ │ 
2022-10-14 12:35:57,557 INFO     ___FILE_ONLY___         
2022-10-14 12:35:57,557 INFO     ___FILE_ONLY___  
2022-10-14 12:35:57,557 INFO     ___FILE_ONLY___ │
2022-10-14 12:35:57,557 INFO     ___FILE_ONLY___ 

2022-10-14 12:35:57,557 INFO     ___FILE_ONLY___ │ 
2022-10-14 12:35:57,557 INFO     ___FILE_ONLY___ Installed    
2022-10-14 12:35:57,557 INFO     ___FILE_ONLY___  
2022-10-14 12:35:57,557 INFO     ___FILE_ONLY___ │ 
2022-10-14 12:35:57,557 INFO     ___FILE_ONLY___ BigQuery Command Line Tool                          
2022-10-14 12:35:57,558 INFO     ___FILE_ONLY___  
2022-10-14 12:35:57,558 INFO     ___FILE_ONLY___ │ 
2022-10-14 12:35:57,558 INFO     ___FILE_ONLY___ bq                      
2022-10-14 12:35:57,558 INFO     ___FILE_ONLY___  
2022-10-14 12:35:57,558 INFO     ___FILE_ONLY___ │ 
2022-10-14 12:35:57,558 INFO     ___FILE_ONLY___  1.6 MiB
2022-10-14 12:35:57,558 INFO     ___FILE_ONLY___  
2022-10-14 12:35:57,558 INFO     ___FILE_ONLY___ │
2022-10-14 12:35:57,558 INFO     ___FILE_ONLY___ 

2022-10-14 12:35:57,558 INFO     ___FILE_ONLY___ │ 
2022-10-14 12:35:57,558 INFO     ___FILE_ONLY___ Installed    
2022-10-14 12:35:57,559 INFO     ___FILE_ONLY___  
2022-10-14 12:35:57,559 INFO     ___FILE_ONLY___ │ 
2022-10-14 12:35:57,559 INFO     ___FILE_ONLY___ Cloud Storage Command Line Tool                     
2022-10-14 12:35:57,559 INFO     ___FILE_ONLY___  
2022-10-14 12:35:57,559 INFO     ___FILE_ONLY___ │ 
2022-10-14 12:35:57,559 INFO     ___FILE_ONLY___ gsutil                  
2022-10-14 12:35:57,559 INFO     ___FILE_ONLY___  
2022-10-14 12:35:57,559 INFO     ___FILE_ONLY___ │ 
2022-10-14 12:35:57,559 INFO     ___FILE_ONLY___ 15.5 MiB
2022-10-14 12:35:57,559 INFO     ___FILE_ONLY___  
2022-10-14 12:35:57,559 INFO     ___FILE_ONLY___ │
2022-10-14 12:35:57,559 INFO     ___FILE_ONLY___ 

2022-10-14 12:35:57,560 INFO     ___FILE_ONLY___ │ 
2022-10-14 12:35:57,560 INFO     ___FILE_ONLY___ Installed    
2022-10-14 12:35:57,560 INFO     ___FILE_ONLY___  
2022-10-14 12:35:57,560 INFO     ___FILE_ONLY___ │ 
2022-10-14 12:35:57,560 INFO     ___FILE_ONLY___ Google Cloud CLI Core Libraries                     
2022-10-14 12:35:57,560 INFO     ___FILE_ONLY___  
2022-10-14 12:35:57,560 INFO     ___FILE_ONLY___ │ 
2022-10-14 12:35:57,560 INFO     ___FILE_ONLY___ core                    
2022-10-14 12:35:57,560 INFO     ___FILE_ONLY___  
2022-10-14 12:35:57,560 INFO     ___FILE_ONLY___ │ 
2022-10-14 12:35:57,560 INFO     ___FILE_ONLY___ 25.0 MiB
2022-10-14 12:35:57,560 INFO     ___FILE_ONLY___  
2022-10-14 12:35:57,561 INFO     ___FILE_ONLY___ │
2022-10-14 12:35:57,561 INFO     ___FILE_ONLY___ 

2022-10-14 12:35:57,561 INFO     ___FILE_ONLY___ │ 
2022-10-14 12:35:57,561 INFO     ___FILE_ONLY___ Installed    
2022-10-14 12:35:57,561 INFO     ___FILE_ONLY___  
2022-10-14 12:35:57,561 INFO     ___FILE_ONLY___ │ 
2022-10-14 12:35:57,561 INFO     ___FILE_ONLY___ Google Cloud CRC32C Hash Tool                       
2022-10-14 12:35:57,561 INFO     ___FILE_ONLY___  
2022-10-14 12:35:57,561 INFO     ___FILE_ONLY___ │ 
2022-10-14 12:35:57,561 INFO     ___FILE_ONLY___ gcloud-crc32c           
2022-10-14 12:35:57,561 INFO     ___FILE_ONLY___  
2022-10-14 12:35:57,561 INFO     ___FILE_ONLY___ │ 
2022-10-14 12:35:57,562 INFO     ___FILE_ONLY___  1.2 MiB
2022-10-14 12:35:57,562 INFO     ___FILE_ONLY___  
2022-10-14 12:35:57,562 INFO     ___FILE_ONLY___ │
2022-10-14 12:35:57,562 INFO     ___FILE_ONLY___ 

2022-10-14 12:35:57,562 INFO     ___FILE_ONLY___ └───────────────┴──────────────────────────────────────────────────────┴──────────────────────────┴──────────┘
2022-10-14 12:35:57,562 INFO     ___FILE_ONLY___ 

2022-10-14 12:35:57,562 INFO     ___FILE_ONLY___ To install or remove components at your current SDK version [405.0.0], run:
  $ gcloud components install COMPONENT_ID
  $ gcloud components remove COMPONENT_ID

To update your SDK installation to the latest version [405.0.0], run:
  $ gcloud components update


2022-10-14 12:35:57,565 INFO     ___FILE_ONLY___ 

To take a quick anonymous survey, run:
  $ gcloud survey


