2022-10-14 12:37:09,135 DEBUG    root            Metrics collector initialized...
2022-10-14 12:37:09,136 DEBUG    root            Loaded Command Group: ['gcloud', 'components']
2022-10-14 12:37:09,139 DEBUG    root            Loaded Command Group: ['gcloud', 'components', 'list']
2022-10-14 12:37:09,141 DEBUG    root            Running [gcloud.components.list] with arguments: [--quiet: "True"]
2022-10-14 12:37:09,157 DEBUG    urllib3.connectionpool Starting new HTTPS connection (1): dl.google.com:443
2022-10-14 12:37:09,267 DEBUG    urllib3.connectionpool https://dl.google.com:443 "GET /dl/cloudsdk/channels/rapid/components-2.json HTTP/1.1" 200 203444
2022-10-14 12:37:09,342 INFO     ___FILE_ONLY___ 
Your current Google Cloud CLI version is: 405.0.0

2022-10-14 12:37:09,342 INFO     ___FILE_ONLY___ The latest available version is: 405.0.0

2022-10-14 12:37:09,342 INFO     ___FILE_ONLY___ 

2022-10-14 12:37:09,343 INFO     root            Display format: "table[box,title="Components"](state.name:label=Status,name:label=Name,id:label=ID,size.size(zero="",min=1048576):label=Size:align=right)"
2022-10-14 12:37:09,354 INFO     ___FILE_ONLY___ ┌────────────────────────────────────────────────────────────────────────────────────────────────────────────┐
2022-10-14 12:37:09,355 INFO     ___FILE_ONLY___ 

2022-10-14 12:37:09,355 INFO     ___FILE_ONLY___ │                                                 Components                                                 │
2022-10-14 12:37:09,355 INFO     ___FILE_ONLY___ 

2022-10-14 12:37:09,355 INFO     ___FILE_ONLY___ ├───────────────┬──────────────────────────────────────────────────────┬──────────────────────────┬──────────┤
2022-10-14 12:37:09,355 INFO     ___FILE_ONLY___ 

2022-10-14 12:37:09,355 INFO     ___FILE_ONLY___ │     Status    │                         Name                         │            ID            │   Size   │
2022-10-14 12:37:09,355 INFO     ___FILE_ONLY___ 

2022-10-14 12:37:09,355 INFO     ___FILE_ONLY___ ├───────────────┼──────────────────────────────────────────────────────┼──────────────────────────┼──────────┤
2022-10-14 12:37:09,355 INFO     ___FILE_ONLY___ 

2022-10-14 12:37:09,355 INFO     ___FILE_ONLY___ │ 
2022-10-14 12:37:09,355 INFO     ___FILE_ONLY___ Not Installed
2022-10-14 12:37:09,355 INFO     ___FILE_ONLY___  
2022-10-14 12:37:09,355 INFO     ___FILE_ONLY___ │ 
2022-10-14 12:37:09,356 INFO     ___FILE_ONLY___ App Engine Go Extensions                            
2022-10-14 12:37:09,356 INFO     ___FILE_ONLY___  
2022-10-14 12:37:09,356 INFO     ___FILE_ONLY___ │ 
2022-10-14 12:37:09,356 INFO     ___FILE_ONLY___ app-engine-go           
2022-10-14 12:37:09,356 INFO     ___FILE_ONLY___  
2022-10-14 12:37:09,356 INFO     ___FILE_ONLY___ │ 
2022-10-14 12:37:09,356 INFO     ___FILE_ONLY___  4.1 MiB
2022-10-14 12:37:09,356 INFO     ___FILE_ONLY___  
2022-10-14 12:37:09,356 INFO     ___FILE_ONLY___ │
2022-10-14 12:37:09,356 INFO     ___FILE_ONLY___ 

2022-10-14 12:37:09,356 INFO     ___FILE_ONLY___ │ 
2022-10-14 12:37:09,356 INFO     ___FILE_ONLY___ Not Installed
2022-10-14 12:37:09,356 INFO     ___FILE_ONLY___  
2022-10-14 12:37:09,356 INFO     ___FILE_ONLY___ │ 
2022-10-14 12:37:09,357 INFO     ___FILE_ONLY___ Appctl                                              
2022-10-14 12:37:09,357 INFO     ___FILE_ONLY___  
2022-10-14 12:37:09,357 INFO     ___FILE_ONLY___ │ 
2022-10-14 12:37:09,357 INFO     ___FILE_ONLY___ appctl                  
2022-10-14 12:37:09,357 INFO     ___FILE_ONLY___  
2022-10-14 12:37:09,357 INFO     ___FILE_ONLY___ │ 
2022-10-14 12:37:09,357 INFO     ___FILE_ONLY___ 18.5 MiB
2022-10-14 12:37:09,357 INFO     ___FILE_ONLY___  
2022-10-14 12:37:09,357 INFO     ___FILE_ONLY___ │
2022-10-14 12:37:09,357 INFO     ___FILE_ONLY___ 

2022-10-14 12:37:09,357 INFO     ___FILE_ONLY___ │ 
2022-10-14 12:37:09,357 INFO     ___FILE_ONLY___ Not Installed
2022-10-14 12:37:09,357 INFO     ___FILE_ONLY___  
2022-10-14 12:37:09,357 INFO     ___FILE_ONLY___ │ 
2022-10-14 12:37:09,357 INFO     ___FILE_ONLY___ Artifact Registry Go Module Package Helper          
2022-10-14 12:37:09,357 INFO     ___FILE_ONLY___  
2022-10-14 12:37:09,358 INFO     ___FILE_ONLY___ │ 
2022-10-14 12:37:09,358 INFO     ___FILE_ONLY___ package-go-module       
2022-10-14 12:37:09,358 INFO     ___FILE_ONLY___  
2022-10-14 12:37:09,358 INFO     ___FILE_ONLY___ │ 
2022-10-14 12:37:09,358 INFO     ___FILE_ONLY___  < 1 MiB
2022-10-14 12:37:09,358 INFO     ___FILE_ONLY___  
2022-10-14 12:37:09,358 INFO     ___FILE_ONLY___ │
2022-10-14 12:37:09,358 INFO     ___FILE_ONLY___ 

2022-10-14 12:37:09,358 INFO     ___FILE_ONLY___ │ 
2022-10-14 12:37:09,358 INFO     ___FILE_ONLY___ Not Installed
2022-10-14 12:37:09,358 INFO     ___FILE_ONLY___  
2022-10-14 12:37:09,358 INFO     ___FILE_ONLY___ │ 
2022-10-14 12:37:09,358 INFO     ___FILE_ONLY___ Cloud Bigtable Command Line Tool                    
2022-10-14 12:37:09,358 INFO     ___FILE_ONLY___  
2022-10-14 12:37:09,358 INFO     ___FILE_ONLY___ │ 
2022-10-14 12:37:09,358 INFO     ___FILE_ONLY___ cbt                     
2022-10-14 12:37:09,359 INFO     ___FILE_ONLY___  
2022-10-14 12:37:09,359 INFO     ___FILE_ONLY___ │ 
2022-10-14 12:37:09,359 INFO     ___FILE_ONLY___  9.5 MiB
2022-10-14 12:37:09,359 INFO     ___FILE_ONLY___  
2022-10-14 12:37:09,359 INFO     ___FILE_ONLY___ │
2022-10-14 12:37:09,359 INFO     ___FILE_ONLY___ 

2022-10-14 12:37:09,359 INFO     ___FILE_ONLY___ │ 
2022-10-14 12:37:09,359 INFO     ___FILE_ONLY___ Not Installed
2022-10-14 12:37:09,359 INFO     ___FILE_ONLY___  
2022-10-14 12:37:09,359 INFO     ___FILE_ONLY___ │ 
2022-10-14 12:37:09,359 INFO     ___FILE_ONLY___ Cloud Bigtable Emulator                             
2022-10-14 12:37:09,359 INFO     ___FILE_ONLY___  
2022-10-14 12:37:09,359 INFO     ___FILE_ONLY___ │ 
2022-10-14 12:37:09,359 INFO     ___FILE_ONLY___ bigtable                
2022-10-14 12:37:09,359 INFO     ___FILE_ONLY___  
2022-10-14 12:37:09,359 INFO     ___FILE_ONLY___ │ 
2022-10-14 12:37:09,360 INFO     ___FILE_ONLY___  5.9 MiB
2022-10-14 12:37:09,360 INFO     ___FILE_ONLY___  
2022-10-14 12:37:09,360 INFO     ___FILE_ONLY___ │
2022-10-14 12:37:09,360 INFO     ___FILE_ONLY___ 

2022-10-14 12:37:09,360 INFO     ___FILE_ONLY___ │ 
2022-10-14 12:37:09,360 INFO     ___FILE_ONLY___ Not Installed
2022-10-14 12:37:09,360 INFO     ___FILE_ONLY___  
2022-10-14 12:37:09,360 INFO     ___FILE_ONLY___ │ 
2022-10-14 12:37:09,360 INFO     ___FILE_ONLY___ Cloud Datalab Command Line Tool                     
2022-10-14 12:37:09,360 INFO     ___FILE_ONLY___  
2022-10-14 12:37:09,360 INFO     ___FILE_ONLY___ │ 
2022-10-14 12:37:09,360 INFO     ___FILE_ONLY___ datalab                 
2022-10-14 12:37:09,361 INFO     ___FILE_ONLY___  
2022-10-14 12:37:09,361 INFO     ___FILE_ONLY___ │ 
2022-10-14 12:37:09,361 INFO     ___FILE_ONLY___  < 1 MiB
2022-10-14 12:37:09,361 INFO     ___FILE_ONLY___  
2022-10-14 12:37:09,361 INFO     ___FILE_ONLY___ │
2022-10-14 12:37:09,361 INFO     ___FILE_ONLY___ 

2022-10-14 12:37:09,361 INFO     ___FILE_ONLY___ │ 
2022-10-14 12:37:09,361 INFO     ___FILE_ONLY___ Not Installed
2022-10-14 12:37:09,361 INFO     ___FILE_ONLY___  
2022-10-14 12:37:09,361 INFO     ___FILE_ONLY___ │ 
2022-10-14 12:37:09,361 INFO     ___FILE_ONLY___ Cloud Datastore Emulator                            
2022-10-14 12:37:09,361 INFO     ___FILE_ONLY___  
2022-10-14 12:37:09,361 INFO     ___FILE_ONLY___ │ 
2022-10-14 12:37:09,361 INFO     ___FILE_ONLY___ cloud-datastore-emulator
2022-10-14 12:37:09,362 INFO     ___FILE_ONLY___  
2022-10-14 12:37:09,362 INFO     ___FILE_ONLY___ │ 
2022-10-14 12:37:09,362 INFO     ___FILE_ONLY___ 35.1 MiB
2022-10-14 12:37:09,362 INFO     ___FILE_ONLY___  
2022-10-14 12:37:09,362 INFO     ___FILE_ONLY___ │
2022-10-14 12:37:09,362 INFO     ___FILE_ONLY___ 

2022-10-14 12:37:09,362 INFO     ___FILE_ONLY___ │ 
2022-10-14 12:37:09,362 INFO     ___FILE_ONLY___ Not Installed
2022-10-14 12:37:09,362 INFO     ___FILE_ONLY___  
2022-10-14 12:37:09,362 INFO     ___FILE_ONLY___ │ 
2022-10-14 12:37:09,362 INFO     ___FILE_ONLY___ Cloud Firestore Emulator                            
2022-10-14 12:37:09,362 INFO     ___FILE_ONLY___  
2022-10-14 12:37:09,362 INFO     ___FILE_ONLY___ │ 
2022-10-14 12:37:09,362 INFO     ___FILE_ONLY___ cloud-firestore-emulator
2022-10-14 12:37:09,362 INFO     ___FILE_ONLY___  
2022-10-14 12:37:09,363 INFO     ___FILE_ONLY___ │ 
2022-10-14 12:37:09,363 INFO     ___FILE_ONLY___ 40.2 MiB
2022-10-14 12:37:09,363 INFO     ___FILE_ONLY___  
2022-10-14 12:37:09,363 INFO     ___FILE_ONLY___ │
2022-10-14 12:37:09,363 INFO     ___FILE_ONLY___ 

2022-10-14 12:37:09,363 INFO     ___FILE_ONLY___ │ 
2022-10-14 12:37:09,363 INFO     ___FILE_ONLY___ Not Installed
2022-10-14 12:37:09,363 INFO     ___FILE_ONLY___  
2022-10-14 12:37:09,363 INFO     ___FILE_ONLY___ │ 
2022-10-14 12:37:09,363 INFO     ___FILE_ONLY___ Cloud Pub/Sub Emulator                              
2022-10-14 12:37:09,363 INFO     ___FILE_ONLY___  
2022-10-14 12:37:09,363 INFO     ___FILE_ONLY___ │ 
2022-10-14 12:37:09,363 INFO     ___FILE_ONLY___ pubsub-emulator         
2022-10-14 12:37:09,364 INFO     ___FILE_ONLY___  
2022-10-14 12:37:09,364 INFO     ___FILE_ONLY___ │ 
2022-10-14 12:37:09,364 INFO     ___FILE_ONLY___ 60.7 MiB
2022-10-14 12:37:09,364 INFO     ___FILE_ONLY___  
2022-10-14 12:37:09,364 INFO     ___FILE_ONLY___ │
2022-10-14 12:37:09,364 INFO     ___FILE_ONLY___ 

2022-10-14 12:37:09,364 INFO     ___FILE_ONLY___ │ 
2022-10-14 12:37:09,364 INFO     ___FILE_ONLY___ Not Installed
2022-10-14 12:37:09,364 INFO     ___FILE_ONLY___  
2022-10-14 12:37:09,364 INFO     ___FILE_ONLY___ │ 
2022-10-14 12:37:09,364 INFO     ___FILE_ONLY___ Cloud Run Proxy                                     
2022-10-14 12:37:09,364 INFO     ___FILE_ONLY___  
2022-10-14 12:37:09,364 INFO     ___FILE_ONLY___ │ 
2022-10-14 12:37:09,364 INFO     ___FILE_ONLY___ cloud-run-proxy         
2022-10-14 12:37:09,364 INFO     ___FILE_ONLY___  
2022-10-14 12:37:09,364 INFO     ___FILE_ONLY___ │ 
2022-10-14 12:37:09,365 INFO     ___FILE_ONLY___  7.7 MiB
2022-10-14 12:37:09,365 INFO     ___FILE_ONLY___  
2022-10-14 12:37:09,365 INFO     ___FILE_ONLY___ │
2022-10-14 12:37:09,365 INFO     ___FILE_ONLY___ 

2022-10-14 12:37:09,365 INFO     ___FILE_ONLY___ │ 
2022-10-14 12:37:09,365 INFO     ___FILE_ONLY___ Not Installed
2022-10-14 12:37:09,365 INFO     ___FILE_ONLY___  
2022-10-14 12:37:09,365 INFO     ___FILE_ONLY___ │ 
2022-10-14 12:37:09,365 INFO     ___FILE_ONLY___ Cloud SQL Proxy                                     
2022-10-14 12:37:09,365 INFO     ___FILE_ONLY___  
2022-10-14 12:37:09,365 INFO     ___FILE_ONLY___ │ 
2022-10-14 12:37:09,365 INFO     ___FILE_ONLY___ cloud_sql_proxy         
2022-10-14 12:37:09,365 INFO     ___FILE_ONLY___  
2022-10-14 12:37:09,365 INFO     ___FILE_ONLY___ │ 
2022-10-14 12:37:09,365 INFO     ___FILE_ONLY___  7.6 MiB
2022-10-14 12:37:09,365 INFO     ___FILE_ONLY___  
2022-10-14 12:37:09,366 INFO     ___FILE_ONLY___ │
2022-10-14 12:37:09,366 INFO     ___FILE_ONLY___ 

2022-10-14 12:37:09,366 INFO     ___FILE_ONLY___ │ 
2022-10-14 12:37:09,366 INFO     ___FILE_ONLY___ Not Installed
2022-10-14 12:37:09,366 INFO     ___FILE_ONLY___  
2022-10-14 12:37:09,366 INFO     ___FILE_ONLY___ │ 
2022-10-14 12:37:09,366 INFO     ___FILE_ONLY___ Google Container Registry's Docker credential helper
2022-10-14 12:37:09,366 INFO     ___FILE_ONLY___  
2022-10-14 12:37:09,366 INFO     ___FILE_ONLY___ │ 
2022-10-14 12:37:09,366 INFO     ___FILE_ONLY___ docker-credential-gcr   
2022-10-14 12:37:09,366 INFO     ___FILE_ONLY___  
2022-10-14 12:37:09,366 INFO     ___FILE_ONLY___ │ 
2022-10-14 12:37:09,366 INFO     ___FILE_ONLY___  2.2 MiB
2022-10-14 12:37:09,366 INFO     ___FILE_ONLY___  
2022-10-14 12:37:09,366 INFO     ___FILE_ONLY___ │
2022-10-14 12:37:09,366 INFO     ___FILE_ONLY___ 

2022-10-14 12:37:09,367 INFO     ___FILE_ONLY___ │ 
2022-10-14 12:37:09,367 INFO     ___FILE_ONLY___ Not Installed
2022-10-14 12:37:09,367 INFO     ___FILE_ONLY___  
2022-10-14 12:37:09,367 INFO     ___FILE_ONLY___ │ 
2022-10-14 12:37:09,367 INFO     ___FILE_ONLY___ Kustomize                                           
2022-10-14 12:37:09,367 INFO     ___FILE_ONLY___  
2022-10-14 12:37:09,367 INFO     ___FILE_ONLY___ │ 
2022-10-14 12:37:09,367 INFO     ___FILE_ONLY___ kustomize               
2022-10-14 12:37:09,367 INFO     ___FILE_ONLY___  
2022-10-14 12:37:09,367 INFO     ___FILE_ONLY___ │ 
2022-10-14 12:37:09,367 INFO     ___FILE_ONLY___  7.6 MiB
2022-10-14 12:37:09,367 INFO     ___FILE_ONLY___  
2022-10-14 12:37:09,367 INFO     ___FILE_ONLY___ │
2022-10-14 12:37:09,367 INFO     ___FILE_ONLY___ 

2022-10-14 12:37:09,367 INFO     ___FILE_ONLY___ │ 
2022-10-14 12:37:09,367 INFO     ___FILE_ONLY___ Not Installed
2022-10-14 12:37:09,368 INFO     ___FILE_ONLY___  
2022-10-14 12:37:09,368 INFO     ___FILE_ONLY___ │ 
2022-10-14 12:37:09,368 INFO     ___FILE_ONLY___ Log Streaming                                       
2022-10-14 12:37:09,368 INFO     ___FILE_ONLY___  
2022-10-14 12:37:09,368 INFO     ___FILE_ONLY___ │ 
2022-10-14 12:37:09,368 INFO     ___FILE_ONLY___ log-streaming           
2022-10-14 12:37:09,368 INFO     ___FILE_ONLY___  
2022-10-14 12:37:09,368 INFO     ___FILE_ONLY___ │ 
2022-10-14 12:37:09,368 INFO     ___FILE_ONLY___ 12.1 MiB
2022-10-14 12:37:09,368 INFO     ___FILE_ONLY___  
2022-10-14 12:37:09,368 INFO     ___FILE_ONLY___ │
2022-10-14 12:37:09,368 INFO     ___FILE_ONLY___ 

2022-10-14 12:37:09,368 INFO     ___FILE_ONLY___ │ 
2022-10-14 12:37:09,368 INFO     ___FILE_ONLY___ Not Installed
2022-10-14 12:37:09,368 INFO     ___FILE_ONLY___  
2022-10-14 12:37:09,368 INFO     ___FILE_ONLY___ │ 
2022-10-14 12:37:09,369 INFO     ___FILE_ONLY___ Minikube                                            
2022-10-14 12:37:09,369 INFO     ___FILE_ONLY___  
2022-10-14 12:37:09,369 INFO     ___FILE_ONLY___ │ 
2022-10-14 12:37:09,369 INFO     ___FILE_ONLY___ minikube                
2022-10-14 12:37:09,369 INFO     ___FILE_ONLY___  
2022-10-14 12:37:09,369 INFO     ___FILE_ONLY___ │ 
2022-10-14 12:37:09,369 INFO     ___FILE_ONLY___ 30.9 MiB
2022-10-14 12:37:09,369 INFO     ___FILE_ONLY___  
2022-10-14 12:37:09,369 INFO     ___FILE_ONLY___ │
2022-10-14 12:37:09,369 INFO     ___FILE_ONLY___ 

2022-10-14 12:37:09,369 INFO     ___FILE_ONLY___ │ 
2022-10-14 12:37:09,369 INFO     ___FILE_ONLY___ Not Installed
2022-10-14 12:37:09,369 INFO     ___FILE_ONLY___  
2022-10-14 12:37:09,369 INFO     ___FILE_ONLY___ │ 
2022-10-14 12:37:09,370 INFO     ___FILE_ONLY___ Nomos CLI                                           
2022-10-14 12:37:09,370 INFO     ___FILE_ONLY___  
2022-10-14 12:37:09,370 INFO     ___FILE_ONLY___ │ 
2022-10-14 12:37:09,370 INFO     ___FILE_ONLY___ nomos                   
2022-10-14 12:37:09,370 INFO     ___FILE_ONLY___  
2022-10-14 12:37:09,370 INFO     ___FILE_ONLY___ │ 
2022-10-14 12:37:09,370 INFO     ___FILE_ONLY___ 24.4 MiB
2022-10-14 12:37:09,370 INFO     ___FILE_ONLY___  
2022-10-14 12:37:09,370 INFO     ___FILE_ONLY___ │
2022-10-14 12:37:09,370 INFO     ___FILE_ONLY___ 

2022-10-14 12:37:09,370 INFO     ___FILE_ONLY___ │ 
2022-10-14 12:37:09,370 INFO     ___FILE_ONLY___ Not Installed
2022-10-14 12:37:09,370 INFO     ___FILE_ONLY___  
2022-10-14 12:37:09,370 INFO     ___FILE_ONLY___ │ 
2022-10-14 12:37:09,370 INFO     ___FILE_ONLY___ On-Demand Scanning API extraction helper            
2022-10-14 12:37:09,371 INFO     ___FILE_ONLY___  
2022-10-14 12:37:09,371 INFO     ___FILE_ONLY___ │ 
2022-10-14 12:37:09,371 INFO     ___FILE_ONLY___ local-extract           
2022-10-14 12:37:09,371 INFO     ___FILE_ONLY___  
2022-10-14 12:37:09,371 INFO     ___FILE_ONLY___ │ 
2022-10-14 12:37:09,371 INFO     ___FILE_ONLY___ 11.5 MiB
2022-10-14 12:37:09,371 INFO     ___FILE_ONLY___  
2022-10-14 12:37:09,371 INFO     ___FILE_ONLY___ │
2022-10-14 12:37:09,371 INFO     ___FILE_ONLY___ 

2022-10-14 12:37:09,371 INFO     ___FILE_ONLY___ │ 
2022-10-14 12:37:09,371 INFO     ___FILE_ONLY___ Not Installed
2022-10-14 12:37:09,371 INFO     ___FILE_ONLY___  
2022-10-14 12:37:09,371 INFO     ___FILE_ONLY___ │ 
2022-10-14 12:37:09,371 INFO     ___FILE_ONLY___ Skaffold                                            
2022-10-14 12:37:09,371 INFO     ___FILE_ONLY___  
2022-10-14 12:37:09,372 INFO     ___FILE_ONLY___ │ 
2022-10-14 12:37:09,372 INFO     ___FILE_ONLY___ skaffold                
2022-10-14 12:37:09,372 INFO     ___FILE_ONLY___  
2022-10-14 12:37:09,372 INFO     ___FILE_ONLY___ │ 
2022-10-14 12:37:09,372 INFO     ___FILE_ONLY___ 20.9 MiB
2022-10-14 12:37:09,372 INFO     ___FILE_ONLY___  
2022-10-14 12:37:09,372 INFO     ___FILE_ONLY___ │
2022-10-14 12:37:09,372 INFO     ___FILE_ONLY___ 

2022-10-14 12:37:09,372 INFO     ___FILE_ONLY___ │ 
2022-10-14 12:37:09,372 INFO     ___FILE_ONLY___ Not Installed
2022-10-14 12:37:09,372 INFO     ___FILE_ONLY___  
2022-10-14 12:37:09,372 INFO     ___FILE_ONLY___ │ 
2022-10-14 12:37:09,372 INFO     ___FILE_ONLY___ Terraform Tools                                     
2022-10-14 12:37:09,372 INFO     ___FILE_ONLY___  
2022-10-14 12:37:09,372 INFO     ___FILE_ONLY___ │ 
2022-10-14 12:37:09,372 INFO     ___FILE_ONLY___ terraform-tools         
2022-10-14 12:37:09,373 INFO     ___FILE_ONLY___  
2022-10-14 12:37:09,373 INFO     ___FILE_ONLY___ │ 
2022-10-14 12:37:09,373 INFO     ___FILE_ONLY___ 53.7 MiB
2022-10-14 12:37:09,373 INFO     ___FILE_ONLY___  
2022-10-14 12:37:09,373 INFO     ___FILE_ONLY___ │
2022-10-14 12:37:09,373 INFO     ___FILE_ONLY___ 

2022-10-14 12:37:09,373 INFO     ___FILE_ONLY___ │ 
2022-10-14 12:37:09,373 INFO     ___FILE_ONLY___ Not Installed
2022-10-14 12:37:09,373 INFO     ___FILE_ONLY___  
2022-10-14 12:37:09,373 INFO     ___FILE_ONLY___ │ 
2022-10-14 12:37:09,373 INFO     ___FILE_ONLY___ anthos-auth                                         
2022-10-14 12:37:09,373 INFO     ___FILE_ONLY___  
2022-10-14 12:37:09,373 INFO     ___FILE_ONLY___ │ 
2022-10-14 12:37:09,373 INFO     ___FILE_ONLY___ anthos-auth             
2022-10-14 12:37:09,373 INFO     ___FILE_ONLY___  
2022-10-14 12:37:09,373 INFO     ___FILE_ONLY___ │ 
2022-10-14 12:37:09,374 INFO     ___FILE_ONLY___ 20.2 MiB
2022-10-14 12:37:09,374 INFO     ___FILE_ONLY___  
2022-10-14 12:37:09,374 INFO     ___FILE_ONLY___ │
2022-10-14 12:37:09,374 INFO     ___FILE_ONLY___ 

2022-10-14 12:37:09,374 INFO     ___FILE_ONLY___ │ 
2022-10-14 12:37:09,374 INFO     ___FILE_ONLY___ Not Installed
2022-10-14 12:37:09,374 INFO     ___FILE_ONLY___  
2022-10-14 12:37:09,374 INFO     ___FILE_ONLY___ │ 
2022-10-14 12:37:09,374 INFO     ___FILE_ONLY___ config-connector                                    
2022-10-14 12:37:09,374 INFO     ___FILE_ONLY___  
2022-10-14 12:37:09,374 INFO     ___FILE_ONLY___ │ 
2022-10-14 12:37:09,374 INFO     ___FILE_ONLY___ config-connector        
2022-10-14 12:37:09,374 INFO     ___FILE_ONLY___  
2022-10-14 12:37:09,374 INFO     ___FILE_ONLY___ │ 
2022-10-14 12:37:09,374 INFO     ___FILE_ONLY___ 57.1 MiB
2022-10-14 12:37:09,374 INFO     ___FILE_ONLY___  
2022-10-14 12:37:09,375 INFO     ___FILE_ONLY___ │
2022-10-14 12:37:09,375 INFO     ___FILE_ONLY___ 

2022-10-14 12:37:09,375 INFO     ___FILE_ONLY___ │ 
2022-10-14 12:37:09,375 INFO     ___FILE_ONLY___ Not Installed
2022-10-14 12:37:09,375 INFO     ___FILE_ONLY___  
2022-10-14 12:37:09,375 INFO     ___FILE_ONLY___ │ 
2022-10-14 12:37:09,375 INFO     ___FILE_ONLY___ gcloud Alpha Commands                               
2022-10-14 12:37:09,375 INFO     ___FILE_ONLY___  
2022-10-14 12:37:09,375 INFO     ___FILE_ONLY___ │ 
2022-10-14 12:37:09,375 INFO     ___FILE_ONLY___ alpha                   
2022-10-14 12:37:09,375 INFO     ___FILE_ONLY___  
2022-10-14 12:37:09,375 INFO     ___FILE_ONLY___ │ 
2022-10-14 12:37:09,375 INFO     ___FILE_ONLY___  < 1 MiB
2022-10-14 12:37:09,376 INFO     ___FILE_ONLY___  
2022-10-14 12:37:09,376 INFO     ___FILE_ONLY___ │
2022-10-14 12:37:09,376 INFO     ___FILE_ONLY___ 

2022-10-14 12:37:09,376 INFO     ___FILE_ONLY___ │ 
2022-10-14 12:37:09,376 INFO     ___FILE_ONLY___ Not Installed
2022-10-14 12:37:09,376 INFO     ___FILE_ONLY___  
2022-10-14 12:37:09,376 INFO     ___FILE_ONLY___ │ 
2022-10-14 12:37:09,376 INFO     ___FILE_ONLY___ gcloud Beta Commands                                
2022-10-14 12:37:09,376 INFO     ___FILE_ONLY___  
2022-10-14 12:37:09,376 INFO     ___FILE_ONLY___ │ 
2022-10-14 12:37:09,376 INFO     ___FILE_ONLY___ beta                    
2022-10-14 12:37:09,376 INFO     ___FILE_ONLY___  
2022-10-14 12:37:09,377 INFO     ___FILE_ONLY___ │ 
2022-10-14 12:37:09,377 INFO     ___FILE_ONLY___  < 1 MiB
2022-10-14 12:37:09,377 INFO     ___FILE_ONLY___  
2022-10-14 12:37:09,377 INFO     ___FILE_ONLY___ │
2022-10-14 12:37:09,377 INFO     ___FILE_ONLY___ 

2022-10-14 12:37:09,377 INFO     ___FILE_ONLY___ │ 
2022-10-14 12:37:09,377 INFO     ___FILE_ONLY___ Not Installed
2022-10-14 12:37:09,377 INFO     ___FILE_ONLY___  
2022-10-14 12:37:09,377 INFO     ___FILE_ONLY___ │ 
2022-10-14 12:37:09,377 INFO     ___FILE_ONLY___ gcloud app Java Extensions                          
2022-10-14 12:37:09,377 INFO     ___FILE_ONLY___  
2022-10-14 12:37:09,377 INFO     ___FILE_ONLY___ │ 
2022-10-14 12:37:09,377 INFO     ___FILE_ONLY___ app-engine-java         
2022-10-14 12:37:09,377 INFO     ___FILE_ONLY___  
2022-10-14 12:37:09,378 INFO     ___FILE_ONLY___ │ 
2022-10-14 12:37:09,378 INFO     ___FILE_ONLY___ 64.5 MiB
2022-10-14 12:37:09,378 INFO     ___FILE_ONLY___  
2022-10-14 12:37:09,378 INFO     ___FILE_ONLY___ │
2022-10-14 12:37:09,378 INFO     ___FILE_ONLY___ 

2022-10-14 12:37:09,378 INFO     ___FILE_ONLY___ │ 
2022-10-14 12:37:09,378 INFO     ___FILE_ONLY___ Not Installed
2022-10-14 12:37:09,378 INFO     ___FILE_ONLY___  
2022-10-14 12:37:09,379 INFO     ___FILE_ONLY___ │ 
2022-10-14 12:37:09,379 INFO     ___FILE_ONLY___ gcloud app PHP Extensions                           
2022-10-14 12:37:09,379 INFO     ___FILE_ONLY___  
2022-10-14 12:37:09,379 INFO     ___FILE_ONLY___ │ 
2022-10-14 12:37:09,379 INFO     ___FILE_ONLY___ app-engine-php          
2022-10-14 12:37:09,379 INFO     ___FILE_ONLY___  
2022-10-14 12:37:09,379 INFO     ___FILE_ONLY___ │ 
2022-10-14 12:37:09,379 INFO     ___FILE_ONLY___ 21.9 MiB
2022-10-14 12:37:09,379 INFO     ___FILE_ONLY___  
2022-10-14 12:37:09,379 INFO     ___FILE_ONLY___ │
2022-10-14 12:37:09,379 INFO     ___FILE_ONLY___ 

2022-10-14 12:37:09,380 INFO     ___FILE_ONLY___ │ 
2022-10-14 12:37:09,380 INFO     ___FILE_ONLY___ Not Installed
2022-10-14 12:37:09,380 INFO     ___FILE_ONLY___  
2022-10-14 12:37:09,380 INFO     ___FILE_ONLY___ │ 
2022-10-14 12:37:09,380 INFO     ___FILE_ONLY___ gcloud app Python Extensions                        
2022-10-14 12:37:09,380 INFO     ___FILE_ONLY___  
2022-10-14 12:37:09,380 INFO     ___FILE_ONLY___ │ 
2022-10-14 12:37:09,380 INFO     ___FILE_ONLY___ app-engine-python       
2022-10-14 12:37:09,380 INFO     ___FILE_ONLY___  
2022-10-14 12:37:09,380 INFO     ___FILE_ONLY___ │ 
2022-10-14 12:37:09,380 INFO     ___FILE_ONLY___  8.6 MiB
2022-10-14 12:37:09,381 INFO     ___FILE_ONLY___  
2022-10-14 12:37:09,381 INFO     ___FILE_ONLY___ │
2022-10-14 12:37:09,381 INFO     ___FILE_ONLY___ 

2022-10-14 12:37:09,381 INFO     ___FILE_ONLY___ │ 
2022-10-14 12:37:09,381 INFO     ___FILE_ONLY___ Not Installed
2022-10-14 12:37:09,381 INFO     ___FILE_ONLY___  
2022-10-14 12:37:09,381 INFO     ___FILE_ONLY___ │ 
2022-10-14 12:37:09,381 INFO     ___FILE_ONLY___ gcloud app Python Extensions (Extra Libraries)      
2022-10-14 12:37:09,381 INFO     ___FILE_ONLY___  
2022-10-14 12:37:09,381 INFO     ___FILE_ONLY___ │ 
2022-10-14 12:37:09,382 INFO     ___FILE_ONLY___ app-engine-python-extras
2022-10-14 12:37:09,382 INFO     ___FILE_ONLY___  
2022-10-14 12:37:09,382 INFO     ___FILE_ONLY___ │ 
2022-10-14 12:37:09,382 INFO     ___FILE_ONLY___ 26.4 MiB
2022-10-14 12:37:09,382 INFO     ___FILE_ONLY___  
2022-10-14 12:37:09,382 INFO     ___FILE_ONLY___ │
2022-10-14 12:37:09,382 INFO     ___FILE_ONLY___ 

2022-10-14 12:37:09,382 INFO     ___FILE_ONLY___ │ 
2022-10-14 12:37:09,382 INFO     ___FILE_ONLY___ Not Installed
2022-10-14 12:37:09,382 INFO     ___FILE_ONLY___  
2022-10-14 12:37:09,382 INFO     ___FILE_ONLY___ │ 
2022-10-14 12:37:09,382 INFO     ___FILE_ONLY___ gke-gcloud-auth-plugin                              
2022-10-14 12:37:09,382 INFO     ___FILE_ONLY___  
2022-10-14 12:37:09,382 INFO     ___FILE_ONLY___ │ 
2022-10-14 12:37:09,382 INFO     ___FILE_ONLY___ gke-gcloud-auth-plugin  
2022-10-14 12:37:09,382 INFO     ___FILE_ONLY___  
2022-10-14 12:37:09,382 INFO     ___FILE_ONLY___ │ 
2022-10-14 12:37:09,383 INFO     ___FILE_ONLY___  3.8 MiB
2022-10-14 12:37:09,383 INFO     ___FILE_ONLY___  
2022-10-14 12:37:09,383 INFO     ___FILE_ONLY___ │
2022-10-14 12:37:09,383 INFO     ___FILE_ONLY___ 

2022-10-14 12:37:09,383 INFO     ___FILE_ONLY___ │ 
2022-10-14 12:37:09,383 INFO     ___FILE_ONLY___ Not Installed
2022-10-14 12:37:09,383 INFO     ___FILE_ONLY___  
2022-10-14 12:37:09,383 INFO     ___FILE_ONLY___ │ 
2022-10-14 12:37:09,383 INFO     ___FILE_ONLY___ kpt                                                 
2022-10-14 12:37:09,383 INFO     ___FILE_ONLY___  
2022-10-14 12:37:09,383 INFO     ___FILE_ONLY___ │ 
2022-10-14 12:37:09,383 INFO     ___FILE_ONLY___ kpt                     
2022-10-14 12:37:09,383 INFO     ___FILE_ONLY___  
2022-10-14 12:37:09,383 INFO     ___FILE_ONLY___ │ 
2022-10-14 12:37:09,383 INFO     ___FILE_ONLY___ 12.8 MiB
2022-10-14 12:37:09,383 INFO     ___FILE_ONLY___  
2022-10-14 12:37:09,383 INFO     ___FILE_ONLY___ │
2022-10-14 12:37:09,383 INFO     ___FILE_ONLY___ 

2022-10-14 12:37:09,383 INFO     ___FILE_ONLY___ │ 
2022-10-14 12:37:09,384 INFO     ___FILE_ONLY___ Not Installed
2022-10-14 12:37:09,384 INFO     ___FILE_ONLY___  
2022-10-14 12:37:09,384 INFO     ___FILE_ONLY___ │ 
2022-10-14 12:37:09,384 INFO     ___FILE_ONLY___ kubectl                                             
2022-10-14 12:37:09,384 INFO     ___FILE_ONLY___  
2022-10-14 12:37:09,384 INFO     ___FILE_ONLY___ │ 
2022-10-14 12:37:09,384 INFO     ___FILE_ONLY___ kubectl                 
2022-10-14 12:37:09,384 INFO     ___FILE_ONLY___  
2022-10-14 12:37:09,384 INFO     ___FILE_ONLY___ │ 
2022-10-14 12:37:09,384 INFO     ___FILE_ONLY___  < 1 MiB
2022-10-14 12:37:09,384 INFO     ___FILE_ONLY___  
2022-10-14 12:37:09,384 INFO     ___FILE_ONLY___ │
2022-10-14 12:37:09,384 INFO     ___FILE_ONLY___ 

2022-10-14 12:37:09,384 INFO     ___FILE_ONLY___ │ 
2022-10-14 12:37:09,384 INFO     ___FILE_ONLY___ Not Installed
2022-10-14 12:37:09,384 INFO     ___FILE_ONLY___  
2022-10-14 12:37:09,384 INFO     ___FILE_ONLY___ │ 
2022-10-14 12:37:09,384 INFO     ___FILE_ONLY___ kubectl-oidc                                        
2022-10-14 12:37:09,385 INFO     ___FILE_ONLY___  
2022-10-14 12:37:09,385 INFO     ___FILE_ONLY___ │ 
2022-10-14 12:37:09,385 INFO     ___FILE_ONLY___ kubectl-oidc            
2022-10-14 12:37:09,385 INFO     ___FILE_ONLY___  
2022-10-14 12:37:09,385 INFO     ___FILE_ONLY___ │ 
2022-10-14 12:37:09,385 INFO     ___FILE_ONLY___ 20.2 MiB
2022-10-14 12:37:09,385 INFO     ___FILE_ONLY___  
2022-10-14 12:37:09,385 INFO     ___FILE_ONLY___ │
2022-10-14 12:37:09,385 INFO     ___FILE_ONLY___ 

2022-10-14 12:37:09,385 INFO     ___FILE_ONLY___ │ 
2022-10-14 12:37:09,385 INFO     ___FILE_ONLY___ Not Installed
2022-10-14 12:37:09,385 INFO     ___FILE_ONLY___  
2022-10-14 12:37:09,385 INFO     ___FILE_ONLY___ │ 
2022-10-14 12:37:09,385 INFO     ___FILE_ONLY___ pkg                                                 
2022-10-14 12:37:09,385 INFO     ___FILE_ONLY___  
2022-10-14 12:37:09,385 INFO     ___FILE_ONLY___ │ 
2022-10-14 12:37:09,385 INFO     ___FILE_ONLY___ pkg                     
2022-10-14 12:37:09,385 INFO     ___FILE_ONLY___  
2022-10-14 12:37:09,386 INFO     ___FILE_ONLY___ │ 
2022-10-14 12:37:09,386 INFO     ___FILE_ONLY___         
2022-10-14 12:37:09,386 INFO     ___FILE_ONLY___  
2022-10-14 12:37:09,386 INFO     ___FILE_ONLY___ │
2022-10-14 12:37:09,386 INFO     ___FILE_ONLY___ 

2022-10-14 12:37:09,386 INFO     ___FILE_ONLY___ │ 
2022-10-14 12:37:09,386 INFO     ___FILE_ONLY___ Installed    
2022-10-14 12:37:09,386 INFO     ___FILE_ONLY___  
2022-10-14 12:37:09,386 INFO     ___FILE_ONLY___ │ 
2022-10-14 12:37:09,386 INFO     ___FILE_ONLY___ BigQuery Command Line Tool                          
2022-10-14 12:37:09,386 INFO     ___FILE_ONLY___  
2022-10-14 12:37:09,386 INFO     ___FILE_ONLY___ │ 
2022-10-14 12:37:09,386 INFO     ___FILE_ONLY___ bq                      
2022-10-14 12:37:09,386 INFO     ___FILE_ONLY___  
2022-10-14 12:37:09,386 INFO     ___FILE_ONLY___ │ 
2022-10-14 12:37:09,386 INFO     ___FILE_ONLY___  1.6 MiB
2022-10-14 12:37:09,386 INFO     ___FILE_ONLY___  
2022-10-14 12:37:09,386 INFO     ___FILE_ONLY___ │
2022-10-14 12:37:09,386 INFO     ___FILE_ONLY___ 

2022-10-14 12:37:09,387 INFO     ___FILE_ONLY___ │ 
2022-10-14 12:37:09,387 INFO     ___FILE_ONLY___ Installed    
2022-10-14 12:37:09,387 INFO     ___FILE_ONLY___  
2022-10-14 12:37:09,387 INFO     ___FILE_ONLY___ │ 
2022-10-14 12:37:09,387 INFO     ___FILE_ONLY___ Cloud Storage Command Line Tool                     
2022-10-14 12:37:09,387 INFO     ___FILE_ONLY___  
2022-10-14 12:37:09,387 INFO     ___FILE_ONLY___ │ 
2022-10-14 12:37:09,387 INFO     ___FILE_ONLY___ gsutil                  
2022-10-14 12:37:09,387 INFO     ___FILE_ONLY___  
2022-10-14 12:37:09,387 INFO     ___FILE_ONLY___ │ 
2022-10-14 12:37:09,387 INFO     ___FILE_ONLY___ 15.5 MiB
2022-10-14 12:37:09,387 INFO     ___FILE_ONLY___  
2022-10-14 12:37:09,387 INFO     ___FILE_ONLY___ │
2022-10-14 12:37:09,387 INFO     ___FILE_ONLY___ 

2022-10-14 12:37:09,387 INFO     ___FILE_ONLY___ │ 
2022-10-14 12:37:09,387 INFO     ___FILE_ONLY___ Installed    
2022-10-14 12:37:09,387 INFO     ___FILE_ONLY___  
2022-10-14 12:37:09,387 INFO     ___FILE_ONLY___ │ 
2022-10-14 12:37:09,388 INFO     ___FILE_ONLY___ Google Cloud CLI Core Libraries                     
2022-10-14 12:37:09,388 INFO     ___FILE_ONLY___  
2022-10-14 12:37:09,388 INFO     ___FILE_ONLY___ │ 
2022-10-14 12:37:09,388 INFO     ___FILE_ONLY___ core                    
2022-10-14 12:37:09,388 INFO     ___FILE_ONLY___  
2022-10-14 12:37:09,388 INFO     ___FILE_ONLY___ │ 
2022-10-14 12:37:09,388 INFO     ___FILE_ONLY___ 25.0 MiB
2022-10-14 12:37:09,388 INFO     ___FILE_ONLY___  
2022-10-14 12:37:09,388 INFO     ___FILE_ONLY___ │
2022-10-14 12:37:09,388 INFO     ___FILE_ONLY___ 

2022-10-14 12:37:09,388 INFO     ___FILE_ONLY___ │ 
2022-10-14 12:37:09,388 INFO     ___FILE_ONLY___ Installed    
2022-10-14 12:37:09,388 INFO     ___FILE_ONLY___  
2022-10-14 12:37:09,388 INFO     ___FILE_ONLY___ │ 
2022-10-14 12:37:09,388 INFO     ___FILE_ONLY___ Google Cloud CRC32C Hash Tool                       
2022-10-14 12:37:09,388 INFO     ___FILE_ONLY___  
2022-10-14 12:37:09,388 INFO     ___FILE_ONLY___ │ 
2022-10-14 12:37:09,388 INFO     ___FILE_ONLY___ gcloud-crc32c           
2022-10-14 12:37:09,388 INFO     ___FILE_ONLY___  
2022-10-14 12:37:09,389 INFO     ___FILE_ONLY___ │ 
2022-10-14 12:37:09,389 INFO     ___FILE_ONLY___  1.2 MiB
2022-10-14 12:37:09,389 INFO     ___FILE_ONLY___  
2022-10-14 12:37:09,389 INFO     ___FILE_ONLY___ │
2022-10-14 12:37:09,389 INFO     ___FILE_ONLY___ 

2022-10-14 12:37:09,389 INFO     ___FILE_ONLY___ └───────────────┴──────────────────────────────────────────────────────┴──────────────────────────┴──────────┘
2022-10-14 12:37:09,389 INFO     ___FILE_ONLY___ 

2022-10-14 12:37:09,389 INFO     ___FILE_ONLY___ To install or remove components at your current SDK version [405.0.0], run:
  $ gcloud components install COMPONENT_ID
  $ gcloud components remove COMPONENT_ID

To update your SDK installation to the latest version [405.0.0], run:
  $ gcloud components update


2022-10-14 12:37:15,130 DEBUG    root            Executing command: ['curl', '--silent', '-O', 'https://dl.google.com/dl/cloudsdk/channels/rapid/macos_python-3.7.9.tar.gz']
2022-10-14 12:37:16,787 DEBUG    root            Executing command: ['tar', '-xf', 'macos_python-3.7.9.tar.gz']
2022-10-14 12:37:16,840 DEBUG    root            Executing command: ['sudo', 'installer', '-target', '/', '-pkg', './python-3.7.9-macosx10.9.pkg']
2022-10-14 12:38:04,728 DEBUG    root            Loaded Command Group: ['gcloud', 'config']
2022-10-14 12:38:04,731 DEBUG    root            Loaded Command Group: ['gcloud', 'config', 'virtualenv']
2022-10-14 12:38:04,738 DEBUG    root            Loaded Command Group: ['gcloud', 'config', 'virtualenv', 'update']
2022-10-14 12:38:04,739 DEBUG    root            Running [gcloud.config.virtualenv.update] with arguments: []
2022-10-14 12:38:04,739 INFO     ___FILE_ONLY___ Updating modules...

2022-10-14 12:38:04,740 DEBUG    root            Executing command: ['/Users/ledemn/.config/gcloud/virtenv/bin/pip3', 'install', '--log', '/Users/ledemn/.config/gcloud/virtenv/update_module.log', '-q', '--disable-pip-version-check', 'crcmod', 'grpcio', 'cryptography', 'google_crc32c', 'certifi']
2022-10-14 12:38:05,429 INFO     ___FILE_ONLY___ Modules updated.

2022-10-14 12:38:05,431 INFO     root            Display format: "default"
2022-10-14 12:38:05,433 DEBUG    root            Checking for updates...
2022-10-14 12:38:05,436 DEBUG    urllib3.connectionpool Starting new HTTPS connection (1): dl.google.com:443
2022-10-14 12:38:05,559 DEBUG    urllib3.connectionpool https://dl.google.com:443 "GET /dl/cloudsdk/channels/rapid/components-2.json HTTP/1.1" 200 203444
2022-10-14 12:38:05,634 DEBUG    root            Updating notification cache...
2022-10-14 12:38:05,639 DEBUG    root            Loaded Command Group: ['gcloud', 'config', 'virtualenv', 'enable']
2022-10-14 12:38:05,641 DEBUG    root            Running [gcloud.config.virtualenv.enable] with arguments: []
2022-10-14 12:38:05,641 INFO     ___FILE_ONLY___ Virtual env enabled.

2022-10-14 12:38:05,641 INFO     root            Display format: "default"
