2022-10-14 12:41:12,293 DEBUG    root            Loaded Command Group: ['gcloud', 'config']
2022-10-14 12:41:12,298 DEBUG    root            Loaded Command Group: ['gcloud', 'config', 'config_helper']
2022-10-14 12:41:12,302 DEBUG    root            Running [gcloud.config.config-helper] with arguments: [--format: "json"]
2022-10-14 12:41:12,303 DEBUG    root            (gcloud.config.config-helper) You do not currently have an active account selected.
Please run:

  $ gcloud auth login

to obtain new credentials.

If you have already logged in with a different account:

    $ gcloud config set account ACCOUNT

to select an already authenticated account to use.
Traceback (most recent call last):
  File "/Users/ledemn/Desktop/google-cloud-sdk/lib/googlecloudsdk/calliope/cli.py", line 987, in Execute
    resources = calliope_command.Run(cli=self, args=args)
  File "/Users/ledemn/Desktop/google-cloud-sdk/lib/googlecloudsdk/calliope/backend.py", line 807, in Run
    resources = command_instance.Run(args)
  File "/Users/ledemn/Desktop/google-cloud-sdk/lib/surface/config/config_helper.py", line 99, in Run
    cred = store.Load(use_google_auth=True)
  File "/Users/ledemn/Desktop/google-cloud-sdk/lib/googlecloudsdk/core/credentials/store.py", line 569, in Load
    with_access_token_cache=with_access_token_cache)
  File "/Users/ledemn/Desktop/google-cloud-sdk/lib/googlecloudsdk/core/credentials/store.py", line 720, in _Load
    named_configs.ActiveConfig(False).file_path)
googlecloudsdk.core.credentials.exceptions.NoActiveAccountException: You do not currently have an active account selected.
Please run:

  $ gcloud auth login

to obtain new credentials.

If you have already logged in with a different account:

    $ gcloud config set account ACCOUNT

to select an already authenticated account to use.
2022-10-14 12:41:12,304 ERROR    root            (gcloud.config.config-helper) You do not currently have an active account selected.
Please run:

  $ gcloud auth login

to obtain new credentials.

If you have already logged in with a different account:

    $ gcloud config set account ACCOUNT

to select an already authenticated account to use.
2022-10-14 12:41:12,331 DEBUG    root            Metrics reporting process started...
