2022-10-14 12:45:59,591 DEBUG    root            Loaded Command Group: ['gcloud', 'init']
2022-10-14 12:45:59,594 DEBUG    root            Running [gcloud.init] with arguments: []
2022-10-14 12:45:59,594 INFO     ___FILE_ONLY___ Welcome! This command will take you through the configuration of gcloud.


2022-10-14 12:45:59,595 INFO     ___FILE_ONLY___ Settings from your current configuration [default] are:

2022-10-14 12:45:59,599 INFO     ___FILE_ONLY___ core:
  disable_usage_reporting: 'False'

2022-10-14 12:45:59,599 INFO     ___FILE_ONLY___ 

2022-10-14 12:46:08,882 INFO     ___FILE_ONLY___ Your current configuration has been set to: [default]


2022-10-14 12:46:08,882 INFO     ___FILE_ONLY___ You can skip diagnostics next time by using the following flag:

2022-10-14 12:46:08,882 INFO     ___FILE_ONLY___   gcloud init --skip-diagnostics


2022-10-14 12:46:08,882 INFO     ___FILE_ONLY___ Network diagnostic detects and fixes local network connection issues.

2022-10-14 12:46:08,884 INFO     ___FILE_ONLY___ Checking network connection...
2022-10-14 12:46:09,680 DEBUG    urllib3.connectionpool Starting new HTTPS connection (1): accounts.google.com:443
2022-10-14 12:46:09,758 DEBUG    urllib3.connectionpool https://accounts.google.com:443 "GET / HTTP/1.1" 302 338
2022-10-14 12:46:09,812 DEBUG    urllib3.connectionpool https://accounts.google.com:443 "GET /ServiceLogin?passive=1209600&continue=https%3A%2F%2Faccounts.google.com%2F&followup=https%3A%2F%2Faccounts.google.com%2F HTTP/1.1" 302 528
2022-10-14 12:46:09,877 DEBUG    urllib3.connectionpool https://accounts.google.com:443 "GET /v3/signin/identifier?dsh=S-2063193391%3A1665744369941557&continue=https%3A%2F%2Faccounts.google.com%2F&followup=https%3A%2F%2Faccounts.google.com%2F&passive=1209600&flowName=WebLiteSignIn&flowEntry=ServiceLogin&ifkv=AQDHYWrawBCiZE8rjysj3C0PoCq-i79eK4myNGNRPb8D15ULo9k5nCK5KSM0MZ3p3hUJhqQ8JBgt9w HTTP/1.1" 200 None
2022-10-14 12:46:09,917 DEBUG    urllib3.connectionpool Starting new HTTPS connection (1): cloudresourcemanager.googleapis.com:443
2022-10-14 12:46:10,567 DEBUG    urllib3.connectionpool https://cloudresourcemanager.googleapis.com:443 "GET /v1beta1/projects HTTP/1.1" 401 None
2022-10-14 12:46:10,573 DEBUG    urllib3.connectionpool Starting new HTTPS connection (1): www.googleapis.com:443
2022-10-14 12:46:10,649 DEBUG    urllib3.connectionpool https://www.googleapis.com:443 "GET /auth/cloud-platform HTTP/1.1" 200 14
2022-10-14 12:46:10,653 DEBUG    urllib3.connectionpool Starting new HTTPS connection (1): dl.google.com:443
2022-10-14 12:46:10,727 DEBUG    urllib3.connectionpool https://dl.google.com:443 "GET /dl/cloudsdk/channels/rapid/components-2.json HTTP/1.1" 200 203444
2022-10-14 12:46:10,916 INFO     ___FILE_ONLY___ Reachability Check passed.

2022-10-14 12:46:10,917 INFO     ___FILE_ONLY___ Network diagnostic passed (1/1 checks passed).


2022-10-14 12:46:20,075 INFO     ___FILE_ONLY___ You are logged in as: [marlonlede@thesting.com].


2022-10-14 12:46:20,081 DEBUG    google.auth.transport.requests Making request: POST https://oauth2.googleapis.com/token
2022-10-14 12:46:20,111 DEBUG    urllib3.connectionpool Starting new HTTPS connection (1): oauth2.googleapis.com:443
2022-10-14 12:46:20,248 DEBUG    urllib3.connectionpool https://oauth2.googleapis.com:443 "POST /token HTTP/1.1" 200 None
2022-10-14 12:46:20,278 DEBUG    urllib3.connectionpool Starting new HTTPS connection (1): cloudresourcemanager.googleapis.com:443
2022-10-14 12:46:21,138 DEBUG    urllib3.connectionpool https://cloudresourcemanager.googleapis.com:443 "GET /v1/projects?alt=json&filter=lifecycleState%3AACTIVE&pageSize=201 HTTP/1.1" 200 None
2022-10-14 12:46:29,884 INFO     ___FILE_ONLY___ Your current project has been set to: [hob-webshop].


2022-10-14 12:46:29,908 DEBUG    root            Loaded Command Group: ['gcloud', 'compute']
2022-10-14 12:46:29,911 DEBUG    root            Loaded Command Group: ['gcloud', 'compute', 'project_info']
2022-10-14 12:46:29,936 DEBUG    root            Loaded Command Group: ['gcloud', 'compute', 'project-info', 'describe']
2022-10-14 12:46:29,936 INFO     root            Executing: [gcloud compute project-info describe --quiet]
2022-10-14 12:46:29,939 DEBUG    root            Running [gcloud.compute.project-info.describe] with arguments: [--no-user-output-enabled: "false", --quiet: "True", --verbosity: "none"]
2022-10-14 12:46:30,317 DEBUG    urllib3.connectionpool Starting new HTTPS connection (1): compute.googleapis.com:443
2022-10-14 12:46:30,649 DEBUG    urllib3.connectionpool https://compute.googleapis.com:443 "POST /batch/compute/v1 HTTP/1.1" 200 None
2022-10-14 12:46:30,659 INFO     root            Display disabled.
2022-10-14 12:46:37,309 DEBUG    root            Loaded Command Group: ['gcloud', 'compute', 'zones']
2022-10-14 12:46:37,312 DEBUG    root            Loaded Command Group: ['gcloud', 'compute', 'zones', 'list']
2022-10-14 12:46:37,313 INFO     root            Executing: [gcloud compute zones list]
2022-10-14 12:46:37,315 DEBUG    root            Running [gcloud.compute.zones.list] with arguments: [--no-user-output-enabled: "false", --verbosity: "none"]
2022-10-14 12:46:37,331 INFO     root            Display disabled.
2022-10-14 12:46:37,335 DEBUG    urllib3.connectionpool Starting new HTTPS connection (1): compute.googleapis.com:443
2022-10-14 12:46:37,840 DEBUG    urllib3.connectionpool https://compute.googleapis.com:443 "POST /batch/compute/v1 HTTP/1.1" 200 None
2022-10-14 12:46:41,302 INFO     ___FILE_ONLY___ 

Command killed by keyboard interrupt


