2022-10-14 12:40:16,709 ERROR    root            (gcloud) Command name argument expected.
2022-10-14 12:40:16,711 DEBUG    root            Loaded Command Group: ['gcloud', 'scc']
2022-10-14 12:40:16,714 DEBUG    root            Loaded Command Group: ['gcloud', 'secrets']
2022-10-14 12:40:16,716 DEBUG    root            Loaded Command Group: ['gcloud', 'deploy']
2022-10-14 12:40:16,720 DEBUG    root            Loaded Command Group: ['gcloud', 'scheduler']
2022-10-14 12:40:16,722 DEBUG    root            Loaded Command Group: ['gcloud', 'access_context_manager']
2022-10-14 12:40:16,725 DEBUG    root            No implementation for release track [GA] for element: [/Users/ledemn/Desktop/google-cloud-sdk/lib/surface/beyondcorp]
2022-10-14 12:40:16,727 DEBUG    root            Loaded Command Group: ['gcloud', 'data_catalog']
2022-10-14 12:40:16,730 DEBUG    root            Loaded Command Group: ['gcloud', 'network_management']
2022-10-14 12:40:16,733 DEBUG    root            Loaded Command Group: ['gcloud', 'transfer']
2022-10-14 12:40:16,735 DEBUG    root            No implementation for release track [GA] for element: [/Users/ledemn/Desktop/google-cloud-sdk/lib/surface/bq]
2022-10-14 12:40:16,737 DEBUG    root            No implementation for release track [GA] for element: [/Users/ledemn/Desktop/google-cloud-sdk/lib/surface/publicca]
2022-10-14 12:40:16,738 DEBUG    root            Loaded Command Group: ['gcloud', 'app']
2022-10-14 12:40:16,740 DEBUG    root            Loaded Command Group: ['gcloud', 'database_migration']
2022-10-14 12:40:16,742 DEBUG    root            No implementation for release track [GA] for element: [/Users/ledemn/Desktop/google-cloud-sdk/lib/surface/error_reporting]
2022-10-14 12:40:16,744 DEBUG    root            Loaded Command Group: ['gcloud', 'spanner']
2022-10-14 12:40:16,748 DEBUG    root            Loaded Command Group: ['gcloud', 'emulators']
2022-10-14 12:40:16,751 DEBUG    root            Loaded Command Group: ['gcloud', 'ai']
2022-10-14 12:40:16,753 DEBUG    root            No implementation for release track [GA] for element: [/Users/ledemn/Desktop/google-cloud-sdk/lib/surface/resource_config]
2022-10-14 12:40:16,756 DEBUG    root            Loaded Command Group: ['gcloud', 'init']
2022-10-14 12:40:16,758 DEBUG    root            Loaded Command Group: ['gcloud', 'version']
2022-10-14 12:40:16,761 DEBUG    root            Loaded Command Group: ['gcloud', 'recommender']
2022-10-14 12:40:16,764 DEBUG    root            Loaded Command Group: ['gcloud', 'dataproc']
2022-10-14 12:40:16,768 DEBUG    root            Loaded Command Group: ['gcloud', 'source']
2022-10-14 12:40:16,771 DEBUG    root            Loaded Command Group: ['gcloud', 'domains']
2022-10-14 12:40:16,791 DEBUG    root            Loaded Command Group: ['gcloud', 'help']
2022-10-14 12:40:16,794 DEBUG    root            Loaded Command Group: ['gcloud', 'dns']
2022-10-14 12:40:16,870 DEBUG    root            No implementation for release track [GA] for element: [/Users/ledemn/Desktop/google-cloud-sdk/lib/surface/events]
2022-10-14 12:40:16,872 DEBUG    root            Loaded Command Group: ['gcloud', 'memcache']
2022-10-14 12:40:16,874 DEBUG    root            No implementation for release track [GA] for element: [/Users/ledemn/Desktop/google-cloud-sdk/lib/surface/commerce_procurement]
2022-10-14 12:40:16,876 DEBUG    root            Loaded Command Group: ['gcloud', 'projects']
2022-10-14 12:40:16,880 DEBUG    root            Loaded Command Group: ['gcloud', 'cheat_sheet']
2022-10-14 12:40:16,882 DEBUG    root            Loaded Command Group: ['gcloud', 'storage']
2022-10-14 12:40:16,885 DEBUG    root            No implementation for release track [GA] for element: [/Users/ledemn/Desktop/google-cloud-sdk/lib/surface/trace]
2022-10-14 12:40:16,886 DEBUG    root            Loaded Command Group: ['gcloud', 'asset']
2022-10-14 12:40:16,889 DEBUG    root            Loaded Command Group: ['gcloud', 'pubsub']
2022-10-14 12:40:16,891 DEBUG    root            Loaded Command Group: ['gcloud', 'active_directory']
2022-10-14 12:40:16,893 DEBUG    root            Loaded Command Group: ['gcloud', 'anthos']
2022-10-14 12:40:16,896 DEBUG    root            Loaded Command Group: ['gcloud', 'resource_settings']
2022-10-14 12:40:16,898 DEBUG    root            Loaded Command Group: ['gcloud', 'network_security']
2022-10-14 12:40:16,901 DEBUG    root            Loaded Command Group: ['gcloud', 'org_policies']
2022-10-14 12:40:16,911 DEBUG    root            Loaded Command Group: ['gcloud', 'survey']
2022-10-14 12:40:16,916 DEBUG    root            Loaded Command Group: ['gcloud', 'debug']
2022-10-14 12:40:16,919 DEBUG    root            Loaded Command Group: ['gcloud', 'healthcare']
2022-10-14 12:40:16,922 DEBUG    root            No implementation for release track [GA] for element: [/Users/ledemn/Desktop/google-cloud-sdk/lib/surface/lifesciences]
2022-10-14 12:40:16,923 DEBUG    root            Loaded Command Group: ['gcloud', 'services']
2022-10-14 12:40:16,925 DEBUG    root            Loaded Command Group: ['gcloud', 'datastream']
2022-10-14 12:40:17,164 DEBUG    root            No implementation for release track [GA] for element: [/Users/ledemn/Desktop/google-cloud-sdk/lib/surface/interactive]
2022-10-14 12:40:17,166 DEBUG    root            Loaded Command Group: ['gcloud', 'bigtable']
2022-10-14 12:40:17,169 DEBUG    root            Loaded Command Group: ['gcloud', 'resource_manager']
2022-10-14 12:40:17,196 DEBUG    root            No implementation for release track [GA] for element: [/Users/ledemn/Desktop/google-cloud-sdk/lib/surface/runtime_config]
2022-10-14 12:40:17,198 DEBUG    root            Loaded Command Group: ['gcloud', 'iap']
2022-10-14 12:40:17,201 DEBUG    root            No implementation for release track [GA] for element: [/Users/ledemn/Desktop/google-cloud-sdk/lib/surface/alloydb]
2022-10-14 12:40:17,203 DEBUG    root            No implementation for release track [GA] for element: [/Users/ledemn/Desktop/google-cloud-sdk/lib/surface/workstations]
2022-10-14 12:40:17,206 DEBUG    root            Loaded Command Group: ['gcloud', 'transcoder']
2022-10-14 12:40:17,210 DEBUG    root            No implementation for release track [GA] for element: [/Users/ledemn/Desktop/google-cloud-sdk/lib/surface/dlp]
2022-10-14 12:40:17,302 DEBUG    root            Loaded Command Group: ['gcloud', 'compute']
2022-10-14 12:40:17,306 DEBUG    root            Loaded Command Group: ['gcloud', 'bms']
2022-10-14 12:40:17,308 DEBUG    root            No implementation for release track [GA] for element: [/Users/ledemn/Desktop/google-cloud-sdk/lib/surface/blueprints]
2022-10-14 12:40:17,313 DEBUG    root            Loaded Command Group: ['gcloud', 'composer']
2022-10-14 12:40:17,336 DEBUG    root            No implementation for release track [GA] for element: [/Users/ledemn/Desktop/google-cloud-sdk/lib/surface/dialogflow]
2022-10-14 12:40:17,338 DEBUG    root            Loaded Command Group: ['gcloud', 'batch']
2022-10-14 12:40:17,342 DEBUG    root            Loaded Command Group: ['gcloud', 'kms']
2022-10-14 12:40:17,348 DEBUG    root            Loaded Command Group: ['gcloud', 'privateca']
2022-10-14 12:40:17,351 DEBUG    root            Loaded Command Group: ['gcloud', 'iam']
2022-10-14 12:40:17,356 DEBUG    root            Loaded Command Group: ['gcloud', 'sql']
2022-10-14 12:40:17,359 DEBUG    root            Loaded Command Group: ['gcloud', 'edge_cache']
2022-10-14 12:40:17,363 DEBUG    root            Loaded Command Group: ['gcloud', 'certificate_manager']
2022-10-14 12:40:17,366 DEBUG    root            Loaded Command Group: ['gcloud', 'vmware']
2022-10-14 12:40:17,369 DEBUG    root            Loaded Command Group: ['gcloud', 'identity']
2022-10-14 12:40:17,376 DEBUG    root            Loaded Command Group: ['gcloud', 'functions']
2022-10-14 12:40:17,384 DEBUG    root            Loaded Command Group: ['gcloud', 'info']
2022-10-14 12:40:17,386 DEBUG    root            Loaded Command Group: ['gcloud', 'endpoints']
2022-10-14 12:40:17,389 DEBUG    root            Loaded Command Group: ['gcloud', 'redis']
2022-10-14 12:40:17,390 DEBUG    root            Loaded Command Group: ['gcloud', 'workspace_add_ons']
2022-10-14 12:40:17,393 DEBUG    root            No implementation for release track [GA] for element: [/Users/ledemn/Desktop/google-cloud-sdk/lib/surface/datapipelines]
2022-10-14 12:40:17,394 DEBUG    root            Loaded Command Group: ['gcloud', 'organizations']
2022-10-14 12:40:17,397 DEBUG    root            Loaded Command Group: ['gcloud', 'filestore']
2022-10-14 12:40:17,399 DEBUG    root            No implementation for release track [GA] for element: [/Users/ledemn/Desktop/google-cloud-sdk/lib/surface/terraform]
2022-10-14 12:40:17,400 DEBUG    root            No implementation for release track [GA] for element: [/Users/ledemn/Desktop/google-cloud-sdk/lib/surface/microservices]
2022-10-14 12:40:17,402 DEBUG    root            Loaded Command Group: ['gcloud', 'deployment_manager']
2022-10-14 12:40:17,404 DEBUG    root            Loaded Command Group: ['gcloud', 'service_directory']
2022-10-14 12:40:17,407 DEBUG    root            Loaded Command Group: ['gcloud', 'ml']
2022-10-14 12:40:17,409 DEBUG    root            Loaded Command Group: ['gcloud', 'network_connectivity']
2022-10-14 12:40:17,461 DEBUG    root            Loaded Command Group: ['gcloud', 'ml_engine']
2022-10-14 12:40:17,467 DEBUG    root            No implementation for release track [GA] for element: [/Users/ledemn/Desktop/google-cloud-sdk/lib/surface/code]
2022-10-14 12:40:17,469 DEBUG    root            Loaded Command Group: ['gcloud', 'dataplex']
2022-10-14 12:40:17,471 DEBUG    root            Loaded Command Group: ['gcloud', 'tasks']
2022-10-14 12:40:17,473 DEBUG    root            Loaded Command Group: ['gcloud', 'monitoring']
2022-10-14 12:40:17,476 DEBUG    root            Loaded Command Group: ['gcloud', 'assured']
2022-10-14 12:40:17,478 DEBUG    root            Loaded Command Group: ['gcloud', 'game']
2022-10-14 12:40:17,483 DEBUG    root            Loaded Command Group: ['gcloud', 'feedback']
2022-10-14 12:40:17,485 DEBUG    root            Loaded Command Group: ['gcloud', 'firebase']
2022-10-14 12:40:17,488 DEBUG    root            No implementation for release track [GA] for element: [/Users/ledemn/Desktop/google-cloud-sdk/lib/surface/kuberun]
2022-10-14 12:40:17,489 DEBUG    root            No implementation for release track [GA] for element: [/Users/ledemn/Desktop/google-cloud-sdk/lib/surface/media]
2022-10-14 12:40:17,491 DEBUG    root            Loaded Command Group: ['gcloud', 'access_approval']
2022-10-14 12:40:17,493 DEBUG    root            Loaded Command Group: ['gcloud', 'recaptcha']
2022-10-14 12:40:17,495 DEBUG    root            No implementation for release track [GA] for element: [/Users/ledemn/Desktop/google-cloud-sdk/lib/surface/network_actions]
2022-10-14 12:40:17,497 DEBUG    root            Loaded Command Group: ['gcloud', 'datastore']
2022-10-14 12:40:17,499 DEBUG    root            Loaded Command Group: ['gcloud', 'meta']
2022-10-14 12:40:17,501 DEBUG    root            No implementation for release track [GA] for element: [/Users/ledemn/Desktop/google-cloud-sdk/lib/surface/remote_build_execution]
2022-10-14 12:40:17,503 DEBUG    root            Loaded Command Group: ['gcloud', 'eventarc']
2022-10-14 12:40:17,505 DEBUG    root            Loaded Command Group: ['gcloud', 'components']
2022-10-14 12:40:17,507 DEBUG    root            Loaded Command Group: ['gcloud', 'essential_contacts']
2022-10-14 12:40:17,513 DEBUG    root            Loaded Command Group: ['gcloud', 'docker']
2022-10-14 12:40:17,515 DEBUG    root            Loaded Command Group: ['gcloud', 'ai_platform']
2022-10-14 12:40:17,517 DEBUG    root            Loaded Command Group: ['gcloud', 'edge_cloud']
2022-10-14 12:40:17,522 DEBUG    root            Loaded Command Group: ['gcloud', 'builds']
2022-10-14 12:40:17,525 DEBUG    root            Loaded Command Group: ['gcloud', 'run']
2022-10-14 12:40:17,527 DEBUG    root            Loaded Command Group: ['gcloud', 'apigee']
2022-10-14 12:40:17,529 DEBUG    root            Loaded Command Group: ['gcloud', 'workflows']
2022-10-14 12:40:17,531 DEBUG    root            Loaded Command Group: ['gcloud', 'policy_troubleshoot']
2022-10-14 12:40:17,534 DEBUG    root            No implementation for release track [GA] for element: [/Users/ledemn/Desktop/google-cloud-sdk/lib/surface/immersive_stream]
2022-10-14 12:40:17,535 DEBUG    root            Loaded Command Group: ['gcloud', 'metastore']
2022-10-14 12:40:17,538 DEBUG    root            Loaded Command Group: ['gcloud', 'iot']
2022-10-14 12:40:17,541 DEBUG    root            Loaded Command Group: ['gcloud', 'firestore']
2022-10-14 12:40:17,544 DEBUG    root            Loaded Command Group: ['gcloud', 'topic']
2022-10-14 12:40:17,547 DEBUG    root            No implementation for release track [GA] for element: [/Users/ledemn/Desktop/google-cloud-sdk/lib/surface/source_manager]
2022-10-14 12:40:17,549 DEBUG    root            Loaded Command Group: ['gcloud', 'ids']
2022-10-14 12:40:17,551 DEBUG    root            No implementation for release track [GA] for element: [/Users/ledemn/Desktop/google-cloud-sdk/lib/surface/web_security_scanner]
2022-10-14 12:40:17,553 DEBUG    root            Loaded Command Group: ['gcloud', 'logging']
2022-10-14 12:40:17,555 DEBUG    root            Loaded Command Group: ['gcloud', 'api_gateway']
2022-10-14 12:40:17,557 DEBUG    root            Loaded Command Group: ['gcloud', 'billing']
2022-10-14 12:40:17,559 DEBUG    root            Loaded Command Group: ['gcloud', 'cloud_shell']
2022-10-14 12:40:17,562 DEBUG    root            Loaded Command Group: ['gcloud', 'config']
2022-10-14 12:40:17,564 DEBUG    root            Loaded Command Group: ['gcloud', 'network_services']
2022-10-14 12:40:17,567 DEBUG    root            Loaded Command Group: ['gcloud', 'auth']
2022-10-14 12:40:17,570 DEBUG    root            No implementation for release track [GA] for element: [/Users/ledemn/Desktop/google-cloud-sdk/lib/surface/genomics]
2022-10-14 12:40:17,571 DEBUG    root            Loaded Command Group: ['gcloud', 'artifacts']
2022-10-14 12:40:17,574 DEBUG    root            Loaded Command Group: ['gcloud', 'policy_intelligence']
2022-10-14 12:40:17,578 DEBUG    root            Loaded Command Group: ['gcloud', 'dataflow']
2022-10-14 12:40:17,580 DEBUG    root            No implementation for release track [GA] for element: [/Users/ledemn/Desktop/google-cloud-sdk/lib/surface/data_fusion]
2022-10-14 12:40:17,582 DEBUG    root            Loaded Command Group: ['gcloud', 'notebooks']
2022-10-14 12:40:19,193 DEBUG    root            Metrics reporting process started...
