2022-10-14 13:00:56,341 ERROR    root            (gcloud) Command name argument expected.
2022-10-14 13:00:56,341 DEBUG    root            Loaded Command Group: ['gcloud', 'recommender']
2022-10-14 13:00:56,343 DEBUG    root            Loaded Command Group: ['gcloud', 'certificate_manager']
2022-10-14 13:00:56,345 DEBUG    root            No implementation for release track [GA] for element: [/Users/ledemn/Desktop/google-cloud-sdk/lib/surface/immersive_stream]
2022-10-14 13:00:56,345 DEBUG    root            Loaded Command Group: ['gcloud', 'app']
2022-10-14 13:00:56,348 DEBUG    root            No implementation for release track [GA] for element: [/Users/ledemn/Desktop/google-cloud-sdk/lib/surface/data_fusion]
2022-10-14 13:00:56,348 DEBUG    root            Loaded Command Group: ['gcloud', 'domains']
2022-10-14 13:00:56,350 DEBUG    root            Loaded Command Group: ['gcloud', 'components']
2022-10-14 13:00:56,352 DEBUG    root            Loaded Command Group: ['gcloud', 'firestore']
2022-10-14 13:00:56,354 DEBUG    root            No implementation for release track [GA] for element: [/Users/ledemn/Desktop/google-cloud-sdk/lib/surface/resource_config]
2022-10-14 13:00:56,354 DEBUG    root            Loaded Command Group: ['gcloud', 'game']
2022-10-14 13:00:56,356 DEBUG    root            Loaded Command Group: ['gcloud', 'active_directory']
2022-10-14 13:00:56,358 DEBUG    root            Loaded Command Group: ['gcloud', 'bigtable']
2022-10-14 13:00:56,360 DEBUG    root            Loaded Command Group: ['gcloud', 'database_migration']
2022-10-14 13:00:56,362 DEBUG    root            Loaded Command Group: ['gcloud', 'org_policies']
2022-10-14 13:00:56,364 DEBUG    root            No implementation for release track [GA] for element: [/Users/ledemn/Desktop/google-cloud-sdk/lib/surface/dialogflow]
2022-10-14 13:00:56,364 DEBUG    root            Loaded Command Group: ['gcloud', 'scc']
2022-10-14 13:00:56,366 DEBUG    root            Loaded Command Group: ['gcloud', 'billing']
2022-10-14 13:00:56,368 DEBUG    root            No implementation for release track [GA] for element: [/Users/ledemn/Desktop/google-cloud-sdk/lib/surface/terraform]
2022-10-14 13:00:56,368 DEBUG    root            Loaded Command Group: ['gcloud', 'deploy']
2022-10-14 13:00:56,370 DEBUG    root            Loaded Command Group: ['gcloud', 'edge_cache']
2022-10-14 13:00:56,391 DEBUG    root            Loaded Command Group: ['gcloud', 'api_gateway']
2022-10-14 13:00:56,393 DEBUG    root            Loaded Command Group: ['gcloud', 'iap']
2022-10-14 13:00:56,395 DEBUG    root            Loaded Command Group: ['gcloud', 'ml']
2022-10-14 13:00:56,398 DEBUG    root            Loaded Command Group: ['gcloud', 'datastore']
2022-10-14 13:00:56,401 DEBUG    root            Loaded Command Group: ['gcloud', 'healthcare']
2022-10-14 13:00:56,404 DEBUG    root            Loaded Command Group: ['gcloud', 'network_management']
2022-10-14 13:00:56,411 DEBUG    root            Loaded Command Group: ['gcloud', 'docker']
2022-10-14 13:00:56,413 DEBUG    root            Loaded Command Group: ['gcloud', 'network_services']
2022-10-14 13:00:56,415 DEBUG    root            Loaded Command Group: ['gcloud', 'storage']
2022-10-14 13:00:56,417 DEBUG    root            Loaded Command Group: ['gcloud', 'run']
2022-10-14 13:00:56,419 DEBUG    root            No implementation for release track [GA] for element: [/Users/ledemn/Desktop/google-cloud-sdk/lib/surface/genomics]
2022-10-14 13:00:56,419 DEBUG    root            Loaded Command Group: ['gcloud', 'dns']
2022-10-14 13:00:56,421 DEBUG    root            Loaded Command Group: ['gcloud', 'iot']
2022-10-14 13:00:56,423 DEBUG    root            Loaded Command Group: ['gcloud', 'edge_cloud']
2022-10-14 13:00:56,424 DEBUG    root            Loaded Command Group: ['gcloud', 'deployment_manager']
2022-10-14 13:00:56,426 DEBUG    root            Loaded Command Group: ['gcloud', 'source']
2022-10-14 13:00:56,427 DEBUG    root            No implementation for release track [GA] for element: [/Users/ledemn/Desktop/google-cloud-sdk/lib/surface/media]
2022-10-14 13:00:56,428 DEBUG    root            Loaded Command Group: ['gcloud', 'essential_contacts']
2022-10-14 13:00:56,431 DEBUG    root            Loaded Command Group: ['gcloud', 'builds']
2022-10-14 13:00:56,433 DEBUG    root            Loaded Command Group: ['gcloud', 'scheduler']
2022-10-14 13:00:56,435 DEBUG    root            Loaded Command Group: ['gcloud', 'assured']
2022-10-14 13:00:56,436 DEBUG    root            Loaded Command Group: ['gcloud', 'asset']
2022-10-14 13:00:56,439 DEBUG    root            No implementation for release track [GA] for element: [/Users/ledemn/Desktop/google-cloud-sdk/lib/surface/alloydb]
2022-10-14 13:00:56,441 DEBUG    root            No implementation for release track [GA] for element: [/Users/ledemn/Desktop/google-cloud-sdk/lib/surface/code]
2022-10-14 13:00:56,441 DEBUG    root            Loaded Command Group: ['gcloud', 'topic']
2022-10-14 13:00:56,449 DEBUG    root            Loaded Command Group: ['gcloud', 'help']
2022-10-14 13:00:56,451 DEBUG    root            Loaded Command Group: ['gcloud', 'ml_engine']
2022-10-14 13:00:56,454 DEBUG    root            No implementation for release track [GA] for element: [/Users/ledemn/Desktop/google-cloud-sdk/lib/surface/network_actions]
2022-10-14 13:00:56,454 DEBUG    root            Loaded Command Group: ['gcloud', 'network_security']
2022-10-14 13:00:56,456 DEBUG    root            Loaded Command Group: ['gcloud', 'projects']
2022-10-14 13:00:56,458 DEBUG    root            No implementation for release track [GA] for element: [/Users/ledemn/Desktop/google-cloud-sdk/lib/surface/dlp]
2022-10-14 13:00:56,458 DEBUG    root            Loaded Command Group: ['gcloud', 'dataflow']
2022-10-14 13:00:56,464 DEBUG    root            Loaded Command Group: ['gcloud', 'init']
2022-10-14 13:00:56,466 DEBUG    root            Loaded Command Group: ['gcloud', 'debug']
2022-10-14 13:00:56,469 DEBUG    root            Loaded Command Group: ['gcloud', 'transfer']
2022-10-14 13:00:56,470 DEBUG    root            Loaded Command Group: ['gcloud', 'emulators']
2022-10-14 13:00:56,472 DEBUG    root            No implementation for release track [GA] for element: [/Users/ledemn/Desktop/google-cloud-sdk/lib/surface/microservices]
2022-10-14 13:00:56,472 DEBUG    root            Loaded Command Group: ['gcloud', 'firebase']
2022-10-14 13:00:56,474 DEBUG    root            Loaded Command Group: ['gcloud', 'bms']
2022-10-14 13:00:56,478 DEBUG    root            Loaded Command Group: ['gcloud', 'functions']
2022-10-14 13:00:56,479 DEBUG    root            Loaded Command Group: ['gcloud', 'eventarc']
2022-10-14 13:00:56,481 DEBUG    root            Loaded Command Group: ['gcloud', 'workflows']
2022-10-14 13:00:56,486 DEBUG    root            Loaded Command Group: ['gcloud', 'survey']
2022-10-14 13:00:56,487 DEBUG    root            Loaded Command Group: ['gcloud', 'access_approval']
2022-10-14 13:00:56,490 DEBUG    root            Loaded Command Group: ['gcloud', 'info']
2022-10-14 13:00:56,491 DEBUG    root            Loaded Command Group: ['gcloud', 'resource_settings']
2022-10-14 13:00:56,492 DEBUG    root            Loaded Command Group: ['gcloud', 'recaptcha']
2022-10-14 13:00:56,494 DEBUG    root            No implementation for release track [GA] for element: [/Users/ledemn/Desktop/google-cloud-sdk/lib/surface/lifesciences]
2022-10-14 13:00:56,494 DEBUG    root            Loaded Command Group: ['gcloud', 'sql']
2022-10-14 13:00:56,496 DEBUG    root            Loaded Command Group: ['gcloud', 'secrets']
2022-10-14 13:00:56,497 DEBUG    root            Loaded Command Group: ['gcloud', 'metastore']
2022-10-14 13:00:56,499 DEBUG    root            Loaded Command Group: ['gcloud', 'memcache']
2022-10-14 13:00:56,500 DEBUG    root            No implementation for release track [GA] for element: [/Users/ledemn/Desktop/google-cloud-sdk/lib/surface/kuberun]
2022-10-14 13:00:56,500 DEBUG    root            Loaded Command Group: ['gcloud', 'meta']
2022-10-14 13:00:56,502 DEBUG    root            Loaded Command Group: ['gcloud', 'batch']
2022-10-14 13:00:56,503 DEBUG    root            Loaded Command Group: ['gcloud', 'datastream']
2022-10-14 13:00:56,505 DEBUG    root            No implementation for release track [GA] for element: [/Users/ledemn/Desktop/google-cloud-sdk/lib/surface/source_manager]
2022-10-14 13:00:56,505 DEBUG    root            Loaded Command Group: ['gcloud', 'notebooks']
2022-10-14 13:00:56,506 DEBUG    root            Loaded Command Group: ['gcloud', 'cloud_shell']
2022-10-14 13:00:56,508 DEBUG    root            Loaded Command Group: ['gcloud', 'access_context_manager']
2022-10-14 13:00:56,509 DEBUG    root            Loaded Command Group: ['gcloud', 'workspace_add_ons']
2022-10-14 13:00:56,510 DEBUG    root            Loaded Command Group: ['gcloud', 'vmware']
2022-10-14 13:00:56,512 DEBUG    root            Loaded Command Group: ['gcloud', 'config']
2022-10-14 13:00:56,514 DEBUG    root            Loaded Command Group: ['gcloud', 'pubsub']
2022-10-14 13:00:56,516 DEBUG    root            No implementation for release track [GA] for element: [/Users/ledemn/Desktop/google-cloud-sdk/lib/surface/remote_build_execution]
2022-10-14 13:00:56,516 DEBUG    root            Loaded Command Group: ['gcloud', 'transcoder']
2022-10-14 13:00:56,517 DEBUG    root            No implementation for release track [GA] for element: [/Users/ledemn/Desktop/google-cloud-sdk/lib/surface/datapipelines]
2022-10-14 13:00:56,518 DEBUG    root            Loaded Command Group: ['gcloud', 'spanner']
2022-10-14 13:00:56,520 DEBUG    root            Loaded Command Group: ['gcloud', 'feedback']
2022-10-14 13:00:56,521 DEBUG    root            No implementation for release track [GA] for element: [/Users/ledemn/Desktop/google-cloud-sdk/lib/surface/web_security_scanner]
2022-10-14 13:00:56,521 DEBUG    root            No implementation for release track [GA] for element: [/Users/ledemn/Desktop/google-cloud-sdk/lib/surface/workstations]
2022-10-14 13:00:56,522 DEBUG    root            Loaded Command Group: ['gcloud', 'resource_manager']
2022-10-14 13:00:56,523 DEBUG    root            Loaded Command Group: ['gcloud', 'organizations']
2022-10-14 13:00:56,524 DEBUG    root            Loaded Command Group: ['gcloud', 'dataplex']
2022-10-14 13:00:56,526 DEBUG    root            No implementation for release track [GA] for element: [/Users/ledemn/Desktop/google-cloud-sdk/lib/surface/bq]
2022-10-14 13:00:56,526 DEBUG    root            Loaded Command Group: ['gcloud', 'monitoring']
2022-10-14 13:00:56,527 DEBUG    root            Loaded Command Group: ['gcloud', 'dataproc']
2022-10-14 13:00:56,529 DEBUG    root            Loaded Command Group: ['gcloud', 'version']
2022-10-14 13:00:56,530 DEBUG    root            Loaded Command Group: ['gcloud', 'artifacts']
2022-10-14 13:00:56,531 DEBUG    root            No implementation for release track [GA] for element: [/Users/ledemn/Desktop/google-cloud-sdk/lib/surface/blueprints]
2022-10-14 13:00:56,532 DEBUG    root            Loaded Command Group: ['gcloud', 'policy_intelligence']
2022-10-14 13:00:56,533 DEBUG    root            No implementation for release track [GA] for element: [/Users/ledemn/Desktop/google-cloud-sdk/lib/surface/beyondcorp]
2022-10-14 13:00:56,533 DEBUG    root            Loaded Command Group: ['gcloud', 'ids']
2022-10-14 13:00:56,535 DEBUG    root            Loaded Command Group: ['gcloud', 'kms']
2022-10-14 13:00:56,536 DEBUG    root            Loaded Command Group: ['gcloud', 'tasks']
2022-10-14 13:00:56,538 DEBUG    root            Loaded Command Group: ['gcloud', 'composer']
2022-10-14 13:00:56,540 DEBUG    root            Loaded Command Group: ['gcloud', 'network_connectivity']
2022-10-14 13:00:56,541 DEBUG    root            Loaded Command Group: ['gcloud', 'services']
2022-10-14 13:00:56,543 DEBUG    root            Loaded Command Group: ['gcloud', 'endpoints']
2022-10-14 13:00:56,544 DEBUG    root            Loaded Command Group: ['gcloud', 'logging']
2022-10-14 13:00:56,545 DEBUG    root            Loaded Command Group: ['gcloud', 'ai_platform']
2022-10-14 13:00:56,615 DEBUG    root            No implementation for release track [GA] for element: [/Users/ledemn/Desktop/google-cloud-sdk/lib/surface/interactive]
2022-10-14 13:00:56,615 DEBUG    root            Loaded Command Group: ['gcloud', 'redis']
2022-10-14 13:00:56,616 DEBUG    root            No implementation for release track [GA] for element: [/Users/ledemn/Desktop/google-cloud-sdk/lib/surface/trace]
2022-10-14 13:00:56,617 DEBUG    root            No implementation for release track [GA] for element: [/Users/ledemn/Desktop/google-cloud-sdk/lib/surface/publicca]
2022-10-14 13:00:56,617 DEBUG    root            Loaded Command Group: ['gcloud', 'auth']
2022-10-14 13:00:56,619 DEBUG    root            Loaded Command Group: ['gcloud', 'anthos']
2022-10-14 13:00:56,621 DEBUG    root            No implementation for release track [GA] for element: [/Users/ledemn/Desktop/google-cloud-sdk/lib/surface/commerce_procurement]
2022-10-14 13:00:56,621 DEBUG    root            Loaded Command Group: ['gcloud', 'privateca']
2022-10-14 13:00:56,640 DEBUG    root            Loaded Command Group: ['gcloud', 'compute']
2022-10-14 13:00:56,645 DEBUG    root            No implementation for release track [GA] for element: [/Users/ledemn/Desktop/google-cloud-sdk/lib/surface/error_reporting]
2022-10-14 13:00:56,668 DEBUG    root            No implementation for release track [GA] for element: [/Users/ledemn/Desktop/google-cloud-sdk/lib/surface/events]
2022-10-14 13:00:56,669 DEBUG    root            No implementation for release track [GA] for element: [/Users/ledemn/Desktop/google-cloud-sdk/lib/surface/runtime_config]
2022-10-14 13:00:56,669 DEBUG    root            Loaded Command Group: ['gcloud', 'policy_troubleshoot']
2022-10-14 13:00:56,670 DEBUG    root            Loaded Command Group: ['gcloud', 'data_catalog']
2022-10-14 13:00:56,672 DEBUG    root            Loaded Command Group: ['gcloud', 'filestore']
2022-10-14 13:00:56,673 DEBUG    root            Loaded Command Group: ['gcloud', 'ai']
2022-10-14 13:00:56,675 DEBUG    root            Loaded Command Group: ['gcloud', 'apigee']
2022-10-14 13:00:56,676 DEBUG    root            Loaded Command Group: ['gcloud', 'identity']
2022-10-14 13:00:56,677 DEBUG    root            Loaded Command Group: ['gcloud', 'iam']
2022-10-14 13:00:56,679 DEBUG    root            Loaded Command Group: ['gcloud', 'cheat_sheet']
2022-10-14 13:00:56,680 DEBUG    root            Loaded Command Group: ['gcloud', 'service_directory']
2022-10-14 13:00:59,723 DEBUG    root            Metrics reporting process started...
