2022-10-14 13:54:14,753 DEBUG    root            Loaded Command Group: ['gcloud', 'config']
2022-10-14 13:54:14,755 DEBUG    root            Loaded Command Group: ['gcloud', 'config', 'configurations']
2022-10-14 13:54:14,756 DEBUG    root            Loaded Command Group: ['gcloud', 'config', 'configurations', 'list']
2022-10-14 13:54:14,758 DEBUG    root            Running [gcloud.config.configurations.list] with arguments: []
2022-10-14 13:54:14,759 INFO     root            Display format: "table(
        name,
        is_active,
        properties.core.account,
        properties.core.project,
        properties.compute.zone:label=COMPUTE_DEFAULT_ZONE,
        properties.compute.region:label=COMPUTE_DEFAULT_REGION)
    "
2022-10-14 13:54:14,765 INFO     ___FILE_ONLY___ NAME
2022-10-14 13:54:14,766 INFO     ___FILE_ONLY___      
2022-10-14 13:54:14,766 INFO     ___FILE_ONLY___ IS_ACTIVE
2022-10-14 13:54:14,766 INFO     ___FILE_ONLY___   
2022-10-14 13:54:14,766 INFO     ___FILE_ONLY___ ACCOUNT
2022-10-14 13:54:14,766 INFO     ___FILE_ONLY___                   
2022-10-14 13:54:14,766 INFO     ___FILE_ONLY___ PROJECT
2022-10-14 13:54:14,766 INFO     ___FILE_ONLY___       
2022-10-14 13:54:14,767 INFO     ___FILE_ONLY___ COMPUTE_DEFAULT_ZONE
2022-10-14 13:54:14,767 INFO     ___FILE_ONLY___   
2022-10-14 13:54:14,767 INFO     ___FILE_ONLY___ COMPUTE_DEFAULT_REGION
2022-10-14 13:54:14,767 INFO     ___FILE_ONLY___ 

2022-10-14 13:54:14,767 INFO     ___FILE_ONLY___ default
2022-10-14 13:54:14,767 INFO     ___FILE_ONLY___   
2022-10-14 13:54:14,767 INFO     ___FILE_ONLY___ True
2022-10-14 13:54:14,767 INFO     ___FILE_ONLY___        
2022-10-14 13:54:14,767 INFO     ___FILE_ONLY___ marlonlede@thesting.com
2022-10-14 13:54:14,767 INFO     ___FILE_ONLY___   
2022-10-14 13:54:14,768 INFO     ___FILE_ONLY___ hob-webshop
2022-10-14 13:54:14,768 INFO     ___FILE_ONLY___ 

2022-10-14 13:54:14,777 DEBUG    root            Metrics reporting process started...
