2022-10-14 13:56:31,994 DEBUG    root            Loaded Command Group: ['gcloud', 'auth']
2022-10-14 13:56:31,998 DEBUG    root            Loaded Command Group: ['gcloud', 'auth', 'login']
2022-10-14 13:56:32,000 DEBUG    root            Running [gcloud.auth.login] with arguments: []
2022-10-14 13:56:32,015 DEBUG    requests_oauthlib.oauth2_session Generated new state 3RuTklpL3YLNW9DeW5eEzjnfoe7LUq.
2022-10-14 13:56:32,139 INFO     ___FILE_ONLY___ Your browser has been opened to visit:

    https://accounts.google.com/o/oauth2/auth?response_type=code&client_id=32555940559.apps.googleusercontent.com&redirect_uri=http%3A%2F%2Flocalhost%3A8085%2F&scope=openid+https%3A%2F%2Fwww.googleapis.com%2Fauth%2Fuserinfo.email+https%3A%2F%2Fwww.googleapis.com%2Fauth%2Fcloud-platform+https%3A%2F%2Fwww.googleapis.com%2Fauth%2Fappengine.admin+https%3A%2F%2Fwww.googleapis.com%2Fauth%2Fsqlservice.login+https%3A%2F%2Fwww.googleapis.com%2Fauth%2Fcompute+https%3A%2F%2Fwww.googleapis.com%2Fauth%2Faccounts.reauth&state=3RuTklpL3YLNW9DeW5eEzjnfoe7LUq&access_type=offline&code_challenge=vGHHyjivfW_eZxQT0634-z9s5ysGS8U4gC1U0cp3QH8&code_challenge_method=S256


2022-10-14 13:56:58,299 INFO     google_auth_oauthlib.flow "GET /?state=3RuTklpL3YLNW9DeW5eEzjnfoe7LUq&code=4/0ARtbsJou-FrSI6Rv44TnMrEoBCpThDSiVqzWTchdCkz5WbmZUNDBguU2VdooUEakrywd_A&scope=email%20openid%20https://www.googleapis.com/auth/userinfo.email%20https://www.googleapis.com/auth/cloud-platform%20https://www.googleapis.com/auth/appengine.admin%20https://www.googleapis.com/auth/sqlservice.login%20https://www.googleapis.com/auth/compute%20https://www.googleapis.com/auth/accounts.reauth&authuser=2&hd=thesting.com&prompt=consent HTTP/1.1" 200 959
2022-10-14 13:56:58,300 DEBUG    requests_oauthlib.oauth2_session Requesting url https://oauth2.googleapis.com/token using method POST.
2022-10-14 13:56:58,300 DEBUG    requests_oauthlib.oauth2_session Supplying headers {b'Accept': b'application/json', b'Content-Type': b'application/x-www-form-urlencoded;charset=UTF-8', b'user-agent': b'google-cloud-sdk gcloud/405.0.0 command/gcloud.auth.login invocation-id/b421da4be10d45d3b174599228458d08 environment/None environment-version/None interactive/True from-script/False python/3.7.9 term/xterm-256color (Macintosh; Intel Mac OS X 21.6.0)'} and data {'grant_type': 'authorization_code', 'client_id': '32555940559.apps.googleusercontent.com', 'client_secret': 'ZmssLNjJy2998hD4CTg2ejr2', 'code': '4/0ARtbsJou-FrSI6Rv44TnMrEoBCpThDSiVqzWTchdCkz5WbmZUNDBguU2VdooUEakrywd_A', 'redirect_uri': 'http://localhost:8085/', 'code_verifier': 'ZY.Qtzp.ynAFF-VvgYVXmWD.Djb45rVkCQuH3eFvBHOsEd-.TfQnE6E9umT1ywoElfj~k05EoVIuaig62eK6guUquRGnITpzPkC7K_UzcMqyMUnowrVqX7qF45FZJrfE'}
2022-10-14 13:56:58,300 DEBUG    requests_oauthlib.oauth2_session Passing through key word arguments {'json': None, 'timeout': None, 'auth': None, 'verify': None, 'proxies': None}.
2022-10-14 13:56:58,336 DEBUG    urllib3.connectionpool Starting new HTTPS connection (1): oauth2.googleapis.com:443
2022-10-14 13:56:58,442 DEBUG    urllib3.connectionpool https://oauth2.googleapis.com:443 "POST /token HTTP/1.1" 200 None
2022-10-14 13:56:58,443 DEBUG    requests_oauthlib.oauth2_session Prepared fetch token request body grant_type=authorization_code&client_id=32555940559.apps.googleusercontent.com&client_secret=ZmssLNjJy2998hD4CTg2ejr2&code=4%2F0ARtbsJou-FrSI6Rv44TnMrEoBCpThDSiVqzWTchdCkz5WbmZUNDBguU2VdooUEakrywd_A&redirect_uri=http%3A%2F%2Flocalhost%3A8085%2F&code_verifier=ZY.Qtzp.ynAFF-VvgYVXmWD.Djb45rVkCQuH3eFvBHOsEd-.TfQnE6E9umT1ywoElfj~k05EoVIuaig62eK6guUquRGnITpzPkC7K_UzcMqyMUnowrVqX7qF45FZJrfE
2022-10-14 13:56:58,443 DEBUG    requests_oauthlib.oauth2_session Request to fetch token completed with status 200.
2022-10-14 13:56:58,443 DEBUG    requests_oauthlib.oauth2_session Request headers were {'user-agent': b'google-cloud-sdk gcloud/405.0.0 command/gcloud.auth.login invocation-id/b421da4be10d45d3b174599228458d08 environment/None environment-version/None interactive/True from-script/False python/3.7.9 term/xterm-256color (Macintosh; Intel Mac OS X 21.6.0)', 'Accept-Encoding': 'gzip, deflate', 'Accept': b'application/json', 'Connection': 'keep-alive', 'Content-Type': b'application/x-www-form-urlencoded;charset=UTF-8', 'Content-Length': '387'}
2022-10-14 13:56:58,443 DEBUG    requests_oauthlib.oauth2_session Request body was grant_type=authorization_code&client_id=32555940559.apps.googleusercontent.com&client_secret=ZmssLNjJy2998hD4CTg2ejr2&code=4%2F0ARtbsJou-FrSI6Rv44TnMrEoBCpThDSiVqzWTchdCkz5WbmZUNDBguU2VdooUEakrywd_A&redirect_uri=http%3A%2F%2Flocalhost%3A8085%2F&code_verifier=ZY.Qtzp.ynAFF-VvgYVXmWD.Djb45rVkCQuH3eFvBHOsEd-.TfQnE6E9umT1ywoElfj~k05EoVIuaig62eK6guUquRGnITpzPkC7K_UzcMqyMUnowrVqX7qF45FZJrfE
2022-10-14 13:56:58,443 DEBUG    requests_oauthlib.oauth2_session Response headers were {'Expires': 'Mon, 01 Jan 1990 00:00:00 GMT', 'Pragma': 'no-cache', 'Date': 'Fri, 14 Oct 2022 11:56:58 GMT', 'Cache-Control': 'no-cache, no-store, max-age=0, must-revalidate', 'Content-Type': 'application/json; charset=utf-8', 'Vary': 'Origin, X-Origin, Referer', 'Content-Encoding': 'gzip', 'Server': 'scaffolding on HTTPServer2', 'X-XSS-Protection': '0', 'X-Frame-Options': 'SAMEORIGIN', 'X-Content-Type-Options': 'nosniff', 'Alt-Svc': 'h3=":443"; ma=2592000,h3-29=":443"; ma=2592000,h3-Q050=":443"; ma=2592000,h3-Q046=":443"; ma=2592000,h3-Q043=":443"; ma=2592000,quic=":443"; ma=2592000; v="46,43"', 'Transfer-Encoding': 'chunked'} and content {
  "access_token": "ya29.a0Aa4xrXOlfJcvbFxZkA1pYqCjR5Lccgy9LyRiEjQvTFtHH0_gJHZ4XS2tSlDvLnCn3KhGzy5oawMWM1heacVapTLvFkFzpG5HCVvfyK5he3k2ad_zx-Hz6Z-ucmuUDvLGLgcbYgywxNbf9iYDbi3HuCDKuM0vkaCwBLmUaCgYKATASARMSFQEjDvL9Edpk-QXxeydNmcXCK7_V4A0171",
  "expires_in": 3599,
  "refresh_token": "1//09lXxRk-EqpdcCgYIARAAGAkSNwF-L9IrGxgjMtaoNbzMc12QKsTFiSHeNKH3kpUjKSN0iVGZ815PSDM1ME7cbRFXvd0PJlZlCbg",
  "scope": "https://www.googleapis.com/auth/cloud-platform https://www.googleapis.com/auth/appengine.admin openid https://www.googleapis.com/auth/sqlservice.login https://www.googleapis.com/auth/compute https://www.googleapis.com/auth/userinfo.email https://www.googleapis.com/auth/accounts.reauth",
  "token_type": "Bearer",
  "id_token": "eyJhbGciOiJSUzI1NiIsImtpZCI6Ijk1NTEwNGEzN2ZhOTAzZWQ4MGM1NzE0NWVjOWU4M2VkYjI5YjBjNDUiLCJ0eXAiOiJKV1QifQ.eyJpc3MiOiJodHRwczovL2FjY291bnRzLmdvb2dsZS5jb20iLCJhenAiOiIzMjU1NTk0MDU1OS5hcHBzLmdvb2dsZXVzZXJjb250ZW50LmNvbSIsImF1ZCI6IjMyNTU1OTQwNTU5LmFwcHMuZ29vZ2xldXNlcmNvbnRlbnQuY29tIiwic3ViIjoiMTAyMzcwNjY4MDE5MzE2ODk1Nzc2IiwiaGQiOiJ0aGVzdGluZy5jb20iLCJlbWFpbCI6Im1hcmxvbmxlZGVAdGhlc3RpbmcuY29tIiwiZW1haWxfdmVyaWZpZWQiOnRydWUsImF0X2hhc2giOiJBbFFISVNmY3lXOU9KbDdyYnFnT2dBIiwiaWF0IjoxNjY1NzQ4NjE4LCJleHAiOjE2NjU3NTIyMTh9.RzMGnE8eJH-pKWYVyaAABQ4bzsH7W3drA0_fOWR-rcbhrXgKhhnPlHiRtcYh0LKRXeextu2XmQTJ0aQVyU26OtmgdG4m5B0U2RYOtw2GBjeJHKHprPTcU_zoEd3-90UX72fEC2z-jpXud2qpVPT0qpGxBLiwDUywMA4wsnl1hbpFlfQV8rvEit7ehXg7StZI-16xN33ZGYMwDNItqj5Hpbb4OOlyi7NbMUvsnSxaDD4r0HernSLDDouSdGgDK8FP2zSVw8cL5Ly8u16HhrIDdTux7hh4DuC2Kz10WvqQvjF5vnLltNAmeVbZZ4vaNJ5RJ0i9GrilkSOu8q_Apt3r1A"
}.
2022-10-14 13:56:58,444 DEBUG    requests_oauthlib.oauth2_session Invoking 0 token response hooks.
2022-10-14 13:56:58,444 DEBUG    requests_oauthlib.oauth2_session Obtained token {'access_token': 'ya29.a0Aa4xrXOlfJcvbFxZkA1pYqCjR5Lccgy9LyRiEjQvTFtHH0_gJHZ4XS2tSlDvLnCn3KhGzy5oawMWM1heacVapTLvFkFzpG5HCVvfyK5he3k2ad_zx-Hz6Z-ucmuUDvLGLgcbYgywxNbf9iYDbi3HuCDKuM0vkaCwBLmUaCgYKATASARMSFQEjDvL9Edpk-QXxeydNmcXCK7_V4A0171', 'expires_in': 3599, 'refresh_token': '1//09lXxRk-EqpdcCgYIARAAGAkSNwF-L9IrGxgjMtaoNbzMc12QKsTFiSHeNKH3kpUjKSN0iVGZ815PSDM1ME7cbRFXvd0PJlZlCbg', 'scope': ['https://www.googleapis.com/auth/cloud-platform', 'https://www.googleapis.com/auth/appengine.admin', 'openid', 'https://www.googleapis.com/auth/sqlservice.login', 'https://www.googleapis.com/auth/compute', 'https://www.googleapis.com/auth/userinfo.email', 'https://www.googleapis.com/auth/accounts.reauth'], 'token_type': 'Bearer', 'id_token': 'eyJhbGciOiJSUzI1NiIsImtpZCI6Ijk1NTEwNGEzN2ZhOTAzZWQ4MGM1NzE0NWVjOWU4M2VkYjI5YjBjNDUiLCJ0eXAiOiJKV1QifQ.eyJpc3MiOiJodHRwczovL2FjY291bnRzLmdvb2dsZS5jb20iLCJhenAiOiIzMjU1NTk0MDU1OS5hcHBzLmdvb2dsZXVzZXJjb250ZW50LmNvbSIsImF1ZCI6IjMyNTU1OTQwNTU5LmFwcHMuZ29vZ2xldXNlcmNvbnRlbnQuY29tIiwic3ViIjoiMTAyMzcwNjY4MDE5MzE2ODk1Nzc2IiwiaGQiOiJ0aGVzdGluZy5jb20iLCJlbWFpbCI6Im1hcmxvbmxlZGVAdGhlc3RpbmcuY29tIiwiZW1haWxfdmVyaWZpZWQiOnRydWUsImF0X2hhc2giOiJBbFFISVNmY3lXOU9KbDdyYnFnT2dBIiwiaWF0IjoxNjY1NzQ4NjE4LCJleHAiOjE2NjU3NTIyMTh9.RzMGnE8eJH-pKWYVyaAABQ4bzsH7W3drA0_fOWR-rcbhrXgKhhnPlHiRtcYh0LKRXeextu2XmQTJ0aQVyU26OtmgdG4m5B0U2RYOtw2GBjeJHKHprPTcU_zoEd3-90UX72fEC2z-jpXud2qpVPT0qpGxBLiwDUywMA4wsnl1hbpFlfQV8rvEit7ehXg7StZI-16xN33ZGYMwDNItqj5Hpbb4OOlyi7NbMUvsnSxaDD4r0HernSLDDouSdGgDK8FP2zSVw8cL5Ly8u16HhrIDdTux7hh4DuC2Kz10WvqQvjF5vnLltNAmeVbZZ4vaNJ5RJ0i9GrilkSOu8q_Apt3r1A', 'expires_at': 1665752217.4441862}.
2022-10-14 13:56:58,452 INFO     ___FILE_ONLY___ 
You are now logged in as [marlonlede@thesting.com].
Your current project is [hob-webshop].  You can change this setting by running:
  $ gcloud config set project PROJECT_ID

2022-10-14 13:56:58,452 INFO     root            Display format: "none"
