2021-12-21T14:51:18,871 Non-user install because user site-packages disabled
2021-12-21T14:51:18,890 Created temporary directory: /private/var/folders/l5/tb4s6w_d79b95wdv3xnzycc0cq9cl4/T/pip-ephem-wheel-cache-9vvylxll
2021-12-21T14:51:18,890 Created temporary directory: /private/var/folders/l5/tb4s6w_d79b95wdv3xnzycc0cq9cl4/T/pip-req-tracker-m1x9nmyl
2021-12-21T14:51:18,890 Initialized build tracking at /private/var/folders/l5/tb4s6w_d79b95wdv3xnzycc0cq9cl4/T/pip-req-tracker-m1x9nmyl
2021-12-21T14:51:18,890 Created build tracker: /private/var/folders/l5/tb4s6w_d79b95wdv3xnzycc0cq9cl4/T/pip-req-tracker-m1x9nmyl
2021-12-21T14:51:18,890 Entered build tracker: /private/var/folders/l5/tb4s6w_d79b95wdv3xnzycc0cq9cl4/T/pip-req-tracker-m1x9nmyl
2021-12-21T14:51:18,891 Created temporary directory: /private/var/folders/l5/tb4s6w_d79b95wdv3xnzycc0cq9cl4/T/pip-install-a6tgxx54
2021-12-21T14:51:18,897 Requirement already satisfied: crcmod in /Users/ledemn/.config/gcloud/virtenv/lib/python3.7/site-packages (1.7)
2021-12-21T14:51:18,899 Requirement already satisfied: grpcio in /Users/ledemn/.config/gcloud/virtenv/lib/python3.7/site-packages (1.39.0)
2021-12-21T14:51:18,905 Requirement already satisfied: cryptography in /Users/ledemn/.config/gcloud/virtenv/lib/python3.7/site-packages (3.4.7)
2021-12-21T14:51:18,925 Requirement already satisfied: google_crc32c in /Users/ledemn/.config/gcloud/virtenv/lib/python3.7/site-packages (1.1.2)
2021-12-21T14:51:18,929 Requirement already satisfied: certifi in /Users/ledemn/.config/gcloud/virtenv/lib/python3.7/site-packages (2021.5.30)
2021-12-21T14:51:18,931 Requirement already satisfied: six>=1.5.2 in /Users/ledemn/.config/gcloud/virtenv/lib/python3.7/site-packages (from grpcio) (1.16.0)
2021-12-21T14:51:18,933 Requirement already satisfied: cffi>=1.12 in /Users/ledemn/.config/gcloud/virtenv/lib/python3.7/site-packages (from cryptography) (1.14.6)
2021-12-21T14:51:18,935 Requirement already satisfied: pycparser in /Users/ledemn/.config/gcloud/virtenv/lib/python3.7/site-packages (from cffi>=1.12->cryptography) (2.20)
2021-12-21T14:51:18,961 Removed build tracker: '/private/var/folders/l5/tb4s6w_d79b95wdv3xnzycc0cq9cl4/T/pip-req-tracker-m1x9nmyl'
2021-12-21T14:51:59,995 Non-user install because user site-packages disabled
2021-12-21T14:52:00,008 Created temporary directory: /private/var/folders/l5/tb4s6w_d79b95wdv3xnzycc0cq9cl4/T/pip-ephem-wheel-cache-fcr2cq33
2021-12-21T14:52:00,009 Created temporary directory: /private/var/folders/l5/tb4s6w_d79b95wdv3xnzycc0cq9cl4/T/pip-req-tracker-nf5i71ct
2021-12-21T14:52:00,009 Initialized build tracking at /private/var/folders/l5/tb4s6w_d79b95wdv3xnzycc0cq9cl4/T/pip-req-tracker-nf5i71ct
2021-12-21T14:52:00,009 Created build tracker: /private/var/folders/l5/tb4s6w_d79b95wdv3xnzycc0cq9cl4/T/pip-req-tracker-nf5i71ct
2021-12-21T14:52:00,009 Entered build tracker: /private/var/folders/l5/tb4s6w_d79b95wdv3xnzycc0cq9cl4/T/pip-req-tracker-nf5i71ct
2021-12-21T14:52:00,009 Created temporary directory: /private/var/folders/l5/tb4s6w_d79b95wdv3xnzycc0cq9cl4/T/pip-install-j8m7t4iv
2021-12-21T14:52:00,014 Requirement already satisfied: crcmod in /Users/ledemn/.config/gcloud/virtenv/lib/python3.7/site-packages (1.7)
2021-12-21T14:52:00,015 Requirement already satisfied: grpcio in /Users/ledemn/.config/gcloud/virtenv/lib/python3.7/site-packages (1.39.0)
2021-12-21T14:52:00,020 Requirement already satisfied: cryptography in /Users/ledemn/.config/gcloud/virtenv/lib/python3.7/site-packages (3.4.7)
2021-12-21T14:52:00,045 Requirement already satisfied: google_crc32c in /Users/ledemn/.config/gcloud/virtenv/lib/python3.7/site-packages (1.1.2)
2021-12-21T14:52:00,048 Requirement already satisfied: certifi in /Users/ledemn/.config/gcloud/virtenv/lib/python3.7/site-packages (2021.5.30)
2021-12-21T14:52:00,050 Requirement already satisfied: six>=1.5.2 in /Users/ledemn/.config/gcloud/virtenv/lib/python3.7/site-packages (from grpcio) (1.16.0)
2021-12-21T14:52:00,052 Requirement already satisfied: cffi>=1.12 in /Users/ledemn/.config/gcloud/virtenv/lib/python3.7/site-packages (from cryptography) (1.14.6)
2021-12-21T14:52:00,054 Requirement already satisfied: pycparser in /Users/ledemn/.config/gcloud/virtenv/lib/python3.7/site-packages (from cffi>=1.12->cryptography) (2.20)
2021-12-21T14:52:00,082 Removed build tracker: '/private/var/folders/l5/tb4s6w_d79b95wdv3xnzycc0cq9cl4/T/pip-req-tracker-nf5i71ct'
2022-10-14T12:38:05,311 Non-user install because user site-packages disabled
2022-10-14T12:38:05,326 Created temporary directory: /private/var/folders/n1/w0yx4n8j3_s4rkc4n8x6bxj80000gp/T/pip-ephem-wheel-cache-qqt_p9zc
2022-10-14T12:38:05,326 Created temporary directory: /private/var/folders/n1/w0yx4n8j3_s4rkc4n8x6bxj80000gp/T/pip-req-tracker-5akhz856
2022-10-14T12:38:05,326 Initialized build tracking at /private/var/folders/n1/w0yx4n8j3_s4rkc4n8x6bxj80000gp/T/pip-req-tracker-5akhz856
2022-10-14T12:38:05,326 Created build tracker: /private/var/folders/n1/w0yx4n8j3_s4rkc4n8x6bxj80000gp/T/pip-req-tracker-5akhz856
2022-10-14T12:38:05,326 Entered build tracker: /private/var/folders/n1/w0yx4n8j3_s4rkc4n8x6bxj80000gp/T/pip-req-tracker-5akhz856
2022-10-14T12:38:05,327 Created temporary directory: /private/var/folders/n1/w0yx4n8j3_s4rkc4n8x6bxj80000gp/T/pip-install-sbcu_hdr
2022-10-14T12:38:05,332 Requirement already satisfied: crcmod in /Users/ledemn/.config/gcloud/virtenv/lib/python3.7/site-packages (1.7)
2022-10-14T12:38:05,334 Requirement already satisfied: grpcio in /Users/ledemn/.config/gcloud/virtenv/lib/python3.7/site-packages (1.39.0)
2022-10-14T12:38:05,339 Requirement already satisfied: cryptography in /Users/ledemn/.config/gcloud/virtenv/lib/python3.7/site-packages (3.4.7)
2022-10-14T12:38:05,361 Requirement already satisfied: google_crc32c in /Users/ledemn/.config/gcloud/virtenv/lib/python3.7/site-packages (1.1.2)
2022-10-14T12:38:05,365 Requirement already satisfied: certifi in /Users/ledemn/.config/gcloud/virtenv/lib/python3.7/site-packages (2021.5.30)
2022-10-14T12:38:05,367 Requirement already satisfied: six>=1.5.2 in /Users/ledemn/.config/gcloud/virtenv/lib/python3.7/site-packages (from grpcio) (1.16.0)
2022-10-14T12:38:05,369 Requirement already satisfied: cffi>=1.12 in /Users/ledemn/.config/gcloud/virtenv/lib/python3.7/site-packages (from cryptography) (1.14.6)
2022-10-14T12:38:05,371 Requirement already satisfied: pycparser in /Users/ledemn/.config/gcloud/virtenv/lib/python3.7/site-packages (from cffi>=1.12->cryptography) (2.20)
2022-10-14T12:38:05,398 Removed build tracker: '/private/var/folders/n1/w0yx4n8j3_s4rkc4n8x6bxj80000gp/T/pip-req-tracker-5akhz856'
